{"C:\\Users\\zakar\\Desktop\\EmoPath.01\\expo-env.d.ts": {"path":"C:\\Users\\zakar\\Desktop\\EmoPath.01\\expo-env.d.ts","statementMap":{},"fnMap":{},"branchMap":{},"s":{},"f":{},"b":{}}
,"C:\\Users\\zakar\\Desktop\\EmoPath.01\\metro.config.js": {"path":"C:\\Users\\zakar\\Desktop\\EmoPath.01\\metro.config.js","statementMap":{"0":{"start":{"line":1,"column":29},"end":{"line":1,"column":57}},"1":{"start":{"line":2,"column":27},"end":{"line":2,"column":54}},"2":{"start":{"line":4,"column":15},"end":{"line":4,"column":42}},"3":{"start":{"line":6,"column":0},"end":{"line":6,"column":71}}},"fnMap":{},"branchMap":{},"s":{"0":0,"1":0,"2":0,"3":0},"f":{},"b":{}}
,"C:\\Users\\zakar\\Desktop\\EmoPath.01\\nativewind-env.d.ts": {"path":"C:\\Users\\zakar\\Desktop\\EmoPath.01\\nativewind-env.d.ts","statementMap":{},"fnMap":{},"branchMap":{},"s":{},"f":{},"b":{}}
,"C:\\Users\\zakar\\Desktop\\EmoPath.01\\tailwind.config.js": {"path":"C:\\Users\\zakar\\Desktop\\EmoPath.01\\tailwind.config.js","statementMap":{"0":{"start":{"line":2,"column":0},"end":{"line":40,"column":1}}},"fnMap":{},"branchMap":{},"s":{"0":0},"f":{},"b":{}}
,"C:\\Users\\zakar\\Desktop\\EmoPath.01\\.expo\\types\\router.d.ts": {"path":"C:\\Users\\zakar\\Desktop\\EmoPath.01\\.expo\\types\\router.d.ts","statementMap":{},"fnMap":{},"branchMap":{},"s":{},"f":{},"b":{}}
,"C:\\Users\\zakar\\Desktop\\EmoPath.01\\app\\_layout.tsx": {"path":"C:\\Users\\zakar\\Desktop\\EmoPath.01\\app\\_layout.tsx","statementMap":{"0":{"start":{"line":15,"column":2},"end":{"line":21,"column":4}}},"fnMap":{"0":{"name":"RootLayout","decl":{"start":{"line":11,"column":24},"end":{"line":11,"column":34}},"loc":{"start":{"line":11,"column":37},"end":{"line":23,"column":1}},"line":11}},"branchMap":{},"s":{"0":0},"f":{"0":0},"b":{}}
,"C:\\Users\\zakar\\Desktop\\EmoPath.01\\app\\index.tsx": {"path":"C:\\Users\\zakar\\Desktop\\EmoPath.01\\app\\index.tsx","statementMap":{"0":{"start":{"line":16,"column":32},"end":{"line":16,"column":50}},"1":{"start":{"line":18,"column":2},"end":{"line":18,"column":64}},"2":{"start":{"line":18,"column":28},"end":{"line":18,"column":64}},"3":{"start":{"line":21,"column":2},"end":{"line":61,"column":8}},"4":{"start":{"line":55,"column":29},"end":{"line":55,"column":52}}},"fnMap":{"0":{"name":"App","decl":{"start":{"line":14,"column":25},"end":{"line":14,"column":28}},"loc":{"start":{"line":14,"column":31},"end":{"line":62,"column":7}},"line":14},"1":{"name":"(anonymous_1)","decl":{"start":{"line":55,"column":23},"end":{"line":55,"column":24}},"loc":{"start":{"line":55,"column":29},"end":{"line":55,"column":52}},"line":55}},"branchMap":{"0":{"loc":{"start":{"line":18,"column":2},"end":{"line":18,"column":64}},"type":"if","locations":[{"start":{"line":18,"column":2},"end":{"line":18,"column":64}},{"start":{},"end":{}}],"line":18},"1":{"loc":{"start":{"line":18,"column":6},"end":{"line":18,"column":26}},"type":"binary-expr","locations":[{"start":{"line":18,"column":6},"end":{"line":18,"column":14}},{"start":{"line":18,"column":18},"end":{"line":18,"column":26}}],"line":18}},"s":{"0":0,"1":0,"2":0,"3":0,"4":0},"f":{"0":0,"1":0},"b":{"0":[0,0],"1":[0,0]}}
,"C:\\Users\\zakar\\Desktop\\EmoPath.01\\app-example\\app\\+not-found.tsx": {"path":"C:\\Users\\zakar\\Desktop\\EmoPath.01\\app-example\\app\\+not-found.tsx","statementMap":{"0":{"start":{"line":8,"column":2},"end":{"line":18,"column":4}},"1":{"start":{"line":21,"column":15},"end":{"line":32,"column":2}}},"fnMap":{"0":{"name":"NotFoundScreen","decl":{"start":{"line":7,"column":24},"end":{"line":7,"column":38}},"loc":{"start":{"line":7,"column":41},"end":{"line":19,"column":1}},"line":7}},"branchMap":{},"s":{"0":0,"1":0},"f":{"0":0},"b":{}}
,"C:\\Users\\zakar\\Desktop\\EmoPath.01\\app-example\\app\\_layout.tsx": {"path":"C:\\Users\\zakar\\Desktop\\EmoPath.01\\app-example\\app\\_layout.tsx","statementMap":{"0":{"start":{"line":12,"column":0},"end":{"line":12,"column":36}},"1":{"start":{"line":15,"column":22},"end":{"line":15,"column":38}},"2":{"start":{"line":16,"column":19},"end":{"line":18,"column":4}},"3":{"start":{"line":20,"column":2},"end":{"line":24,"column":15}},"4":{"start":{"line":21,"column":4},"end":{"line":23,"column":5}},"5":{"start":{"line":22,"column":6},"end":{"line":22,"column":31}},"6":{"start":{"line":26,"column":2},"end":{"line":28,"column":3}},"7":{"start":{"line":27,"column":4},"end":{"line":27,"column":16}},"8":{"start":{"line":30,"column":2},"end":{"line":38,"column":4}}},"fnMap":{"0":{"name":"RootLayout","decl":{"start":{"line":14,"column":24},"end":{"line":14,"column":34}},"loc":{"start":{"line":14,"column":37},"end":{"line":39,"column":1}},"line":14},"1":{"name":"(anonymous_1)","decl":{"start":{"line":20,"column":12},"end":{"line":20,"column":13}},"loc":{"start":{"line":20,"column":18},"end":{"line":24,"column":3}},"line":20}},"branchMap":{"0":{"loc":{"start":{"line":21,"column":4},"end":{"line":23,"column":5}},"type":"if","locations":[{"start":{"line":21,"column":4},"end":{"line":23,"column":5}},{"start":{},"end":{}}],"line":21},"1":{"loc":{"start":{"line":26,"column":2},"end":{"line":28,"column":3}},"type":"if","locations":[{"start":{"line":26,"column":2},"end":{"line":28,"column":3}},{"start":{},"end":{}}],"line":26},"2":{"loc":{"start":{"line":31,"column":26},"end":{"line":31,"column":75}},"type":"cond-expr","locations":[{"start":{"line":31,"column":51},"end":{"line":31,"column":60}},{"start":{"line":31,"column":63},"end":{"line":31,"column":75}}],"line":31}},"s":{"0":0,"1":0,"2":0,"3":0,"4":0,"5":0,"6":0,"7":0,"8":0},"f":{"0":0,"1":0},"b":{"0":[0,0],"1":[0,0],"2":[0,0]}}
,"C:\\Users\\zakar\\Desktop\\EmoPath.01\\app-example\\app\\(tabs)\\_layout.tsx": {"path":"C:\\Users\\zakar\\Desktop\\EmoPath.01\\app-example\\app\\(tabs)\\_layout.tsx","statementMap":{"0":{"start":{"line":12,"column":22},"end":{"line":12,"column":38}},"1":{"start":{"line":14,"column":2},"end":{"line":44,"column":4}},"2":{"start":{"line":33,"column":37},"end":{"line":33,"column":93}},"3":{"start":{"line":40,"column":37},"end":{"line":40,"column":98}}},"fnMap":{"0":{"name":"TabLayout","decl":{"start":{"line":11,"column":24},"end":{"line":11,"column":33}},"loc":{"start":{"line":11,"column":36},"end":{"line":45,"column":1}},"line":11},"1":{"name":"(anonymous_1)","decl":{"start":{"line":33,"column":22},"end":{"line":33,"column":23}},"loc":{"start":{"line":33,"column":37},"end":{"line":33,"column":93}},"line":33},"2":{"name":"(anonymous_2)","decl":{"start":{"line":40,"column":22},"end":{"line":40,"column":23}},"loc":{"start":{"line":40,"column":37},"end":{"line":40,"column":98}},"line":40}},"branchMap":{"0":{"loc":{"start":{"line":17,"column":38},"end":{"line":17,"column":60}},"type":"binary-expr","locations":[{"start":{"line":17,"column":38},"end":{"line":17,"column":49}},{"start":{"line":17,"column":53},"end":{"line":17,"column":60}}],"line":17}},"s":{"0":0,"1":0,"2":0,"3":0},"f":{"0":0,"1":0,"2":0},"b":{"0":[0,0]}}
,"C:\\Users\\zakar\\Desktop\\EmoPath.01\\app-example\\app\\(tabs)\\explore.tsx": {"path":"C:\\Users\\zakar\\Desktop\\EmoPath.01\\app-example\\app\\(tabs)\\explore.tsx","statementMap":{"0":{"start":{"line":11,"column":2},"end":{"line":95,"column":4}},"1":{"start":{"line":98,"column":15},"end":{"line":109,"column":2}}},"fnMap":{"0":{"name":"TabTwoScreen","decl":{"start":{"line":10,"column":24},"end":{"line":10,"column":36}},"loc":{"start":{"line":10,"column":39},"end":{"line":96,"column":1}},"line":10}},"branchMap":{},"s":{"0":0,"1":0},"f":{"0":0},"b":{}}
,"C:\\Users\\zakar\\Desktop\\EmoPath.01\\app-example\\app\\(tabs)\\index.tsx": {"path":"C:\\Users\\zakar\\Desktop\\EmoPath.01\\app-example\\app\\(tabs)\\index.tsx","statementMap":{"0":{"start":{"line":9,"column":2},"end":{"line":54,"column":4}},"1":{"start":{"line":57,"column":15},"end":{"line":74,"column":2}}},"fnMap":{"0":{"name":"HomeScreen","decl":{"start":{"line":8,"column":24},"end":{"line":8,"column":34}},"loc":{"start":{"line":8,"column":37},"end":{"line":55,"column":1}},"line":8}},"branchMap":{},"s":{"0":0,"1":0},"f":{"0":0},"b":{}}
,"C:\\Users\\zakar\\Desktop\\EmoPath.01\\app-example\\components\\Collapsible.tsx": {"path":"C:\\Users\\zakar\\Desktop\\EmoPath.01\\app-example\\components\\Collapsible.tsx","statementMap":{"0":{"start":{"line":11,"column":30},"end":{"line":11,"column":45}},"1":{"start":{"line":12,"column":16},"end":{"line":12,"column":43}},"2":{"start":{"line":14,"column":2},"end":{"line":32,"column":4}},"3":{"start":{"line":18,"column":23},"end":{"line":18,"column":51}},"4":{"start":{"line":18,"column":44},"end":{"line":18,"column":50}},"5":{"start":{"line":35,"column":15},"end":{"line":45,"column":2}}},"fnMap":{"0":{"name":"Collapsible","decl":{"start":{"line":10,"column":16},"end":{"line":10,"column":27}},"loc":{"start":{"line":10,"column":88},"end":{"line":33,"column":1}},"line":10},"1":{"name":"(anonymous_1)","decl":{"start":{"line":18,"column":17},"end":{"line":18,"column":18}},"loc":{"start":{"line":18,"column":23},"end":{"line":18,"column":51}},"line":18},"2":{"name":"(anonymous_2)","decl":{"start":{"line":18,"column":33},"end":{"line":18,"column":34}},"loc":{"start":{"line":18,"column":44},"end":{"line":18,"column":50}},"line":18}},"branchMap":{"0":{"loc":{"start":{"line":12,"column":16},"end":{"line":12,"column":43}},"type":"binary-expr","locations":[{"start":{"line":12,"column":16},"end":{"line":12,"column":32}},{"start":{"line":12,"column":36},"end":{"line":12,"column":43}}],"line":12},"1":{"loc":{"start":{"line":24,"column":17},"end":{"line":24,"column":73}},"type":"cond-expr","locations":[{"start":{"line":24,"column":37},"end":{"line":24,"column":54}},{"start":{"line":24,"column":57},"end":{"line":24,"column":73}}],"line":24},"2":{"loc":{"start":{"line":25,"column":41},"end":{"line":25,"column":66}},"type":"cond-expr","locations":[{"start":{"line":25,"column":50},"end":{"line":25,"column":57}},{"start":{"line":25,"column":60},"end":{"line":25,"column":66}}],"line":25},"3":{"loc":{"start":{"line":30,"column":7},"end":{"line":30,"column":75}},"type":"binary-expr","locations":[{"start":{"line":30,"column":7},"end":{"line":30,"column":13}},{"start":{"line":30,"column":17},"end":{"line":30,"column":75}}],"line":30}},"s":{"0":0,"1":0,"2":0,"3":0,"4":0,"5":0},"f":{"0":0,"1":0,"2":0},"b":{"0":[0,0],"1":[0,0],"2":[0,0],"3":[0,0]}}
,"C:\\Users\\zakar\\Desktop\\EmoPath.01\\app-example\\components\\ExternalLink.tsx": {"path":"C:\\Users\\zakar\\Desktop\\EmoPath.01\\app-example\\components\\ExternalLink.tsx","statementMap":{"0":{"start":{"line":9,"column":2},"end":{"line":23,"column":4}},"1":{"start":{"line":15,"column":8},"end":{"line":20,"column":9}},"2":{"start":{"line":17,"column":10},"end":{"line":17,"column":33}},"3":{"start":{"line":19,"column":10},"end":{"line":19,"column":39}}},"fnMap":{"0":{"name":"ExternalLink","decl":{"start":{"line":8,"column":16},"end":{"line":8,"column":28}},"loc":{"start":{"line":8,"column":55},"end":{"line":24,"column":1}},"line":8},"1":{"name":"(anonymous_1)","decl":{"start":{"line":14,"column":15},"end":{"line":14,"column":16}},"loc":{"start":{"line":14,"column":32},"end":{"line":21,"column":7}},"line":14}},"branchMap":{"0":{"loc":{"start":{"line":15,"column":8},"end":{"line":20,"column":9}},"type":"if","locations":[{"start":{"line":15,"column":8},"end":{"line":20,"column":9}},{"start":{},"end":{}}],"line":15}},"s":{"0":0,"1":0,"2":0,"3":0},"f":{"0":0,"1":0},"b":{"0":[0,0]}}
,"C:\\Users\\zakar\\Desktop\\EmoPath.01\\app-example\\components\\HapticTab.tsx": {"path":"C:\\Users\\zakar\\Desktop\\EmoPath.01\\app-example\\components\\HapticTab.tsx","statementMap":{"0":{"start":{"line":6,"column":2},"end":{"line":17,"column":4}},"1":{"start":{"line":10,"column":8},"end":{"line":13,"column":9}},"2":{"start":{"line":12,"column":10},"end":{"line":12,"column":65}},"3":{"start":{"line":14,"column":8},"end":{"line":14,"column":30}}},"fnMap":{"0":{"name":"HapticTab","decl":{"start":{"line":5,"column":16},"end":{"line":5,"column":25}},"loc":{"start":{"line":5,"column":58},"end":{"line":18,"column":1}},"line":5},"1":{"name":"(anonymous_1)","decl":{"start":{"line":9,"column":17},"end":{"line":9,"column":18}},"loc":{"start":{"line":9,"column":25},"end":{"line":15,"column":7}},"line":9}},"branchMap":{"0":{"loc":{"start":{"line":10,"column":8},"end":{"line":13,"column":9}},"type":"if","locations":[{"start":{"line":10,"column":8},"end":{"line":13,"column":9}},{"start":{},"end":{}}],"line":10}},"s":{"0":0,"1":0,"2":0,"3":0},"f":{"0":0,"1":0},"b":{"0":[0,0]}}
,"C:\\Users\\zakar\\Desktop\\EmoPath.01\\app-example\\components\\HelloWave.tsx": {"path":"C:\\Users\\zakar\\Desktop\\EmoPath.01\\app-example\\components\\HelloWave.tsx","statementMap":{"0":{"start":{"line":14,"column":28},"end":{"line":14,"column":45}},"1":{"start":{"line":16,"column":2},"end":{"line":21,"column":9}},"2":{"start":{"line":17,"column":4},"end":{"line":20,"column":6}},"3":{"start":{"line":23,"column":24},"end":{"line":25,"column":5}},"4":{"start":{"line":23,"column":48},"end":{"line":25,"column":3}},"5":{"start":{"line":27,"column":2},"end":{"line":31,"column":4}},"6":{"start":{"line":34,"column":15},"end":{"line":40,"column":2}}},"fnMap":{"0":{"name":"HelloWave","decl":{"start":{"line":13,"column":16},"end":{"line":13,"column":25}},"loc":{"start":{"line":13,"column":28},"end":{"line":32,"column":1}},"line":13},"1":{"name":"(anonymous_1)","decl":{"start":{"line":16,"column":12},"end":{"line":16,"column":13}},"loc":{"start":{"line":16,"column":18},"end":{"line":21,"column":3}},"line":16},"2":{"name":"(anonymous_2)","decl":{"start":{"line":23,"column":41},"end":{"line":23,"column":42}},"loc":{"start":{"line":23,"column":48},"end":{"line":25,"column":3}},"line":23}},"branchMap":{},"s":{"0":0,"1":0,"2":0,"3":0,"4":0,"5":0,"6":0},"f":{"0":0,"1":0,"2":0},"b":{}}
,"C:\\Users\\zakar\\Desktop\\EmoPath.01\\app-example\\components\\ParallaxScrollView.tsx": {"path":"C:\\Users\\zakar\\Desktop\\EmoPath.01\\app-example\\components\\ParallaxScrollView.tsx","statementMap":{"0":{"start":{"line":14,"column":22},"end":{"line":14,"column":25}},"1":{"start":{"line":26,"column":22},"end":{"line":26,"column":49}},"2":{"start":{"line":27,"column":20},"end":{"line":27,"column":57}},"3":{"start":{"line":28,"column":23},"end":{"line":28,"column":53}},"4":{"start":{"line":29,"column":17},"end":{"line":29,"column":39}},"5":{"start":{"line":30,"column":30},"end":{"line":45,"column":4}},"6":{"start":{"line":31,"column":4},"end":{"line":44,"column":6}},"7":{"start":{"line":47,"column":2},"end":{"line":65,"column":4}},"8":{"start":{"line":68,"column":15},"end":{"line":82,"column":2}}},"fnMap":{"0":{"name":"ParallaxScrollView","decl":{"start":{"line":21,"column":24},"end":{"line":21,"column":42}},"loc":{"start":{"line":25,"column":10},"end":{"line":66,"column":1}},"line":25},"1":{"name":"(anonymous_1)","decl":{"start":{"line":30,"column":47},"end":{"line":30,"column":48}},"loc":{"start":{"line":30,"column":53},"end":{"line":45,"column":3}},"line":30}},"branchMap":{"0":{"loc":{"start":{"line":26,"column":22},"end":{"line":26,"column":49}},"type":"binary-expr","locations":[{"start":{"line":26,"column":22},"end":{"line":26,"column":38}},{"start":{"line":26,"column":42},"end":{"line":26,"column":49}}],"line":26}},"s":{"0":0,"1":0,"2":0,"3":0,"4":0,"5":0,"6":0,"7":0,"8":0},"f":{"0":0,"1":0},"b":{"0":[0,0]}}
,"C:\\Users\\zakar\\Desktop\\EmoPath.01\\app-example\\components\\ThemedText.tsx": {"path":"C:\\Users\\zakar\\Desktop\\EmoPath.01\\app-example\\components\\ThemedText.tsx","statementMap":{"0":{"start":{"line":18,"column":16},"end":{"line":18,"column":77}},"1":{"start":{"line":20,"column":2},"end":{"line":33,"column":4}},"2":{"start":{"line":36,"column":15},"end":{"line":60,"column":2}}},"fnMap":{"0":{"name":"ThemedText","decl":{"start":{"line":11,"column":16},"end":{"line":11,"column":26}},"loc":{"start":{"line":17,"column":20},"end":{"line":34,"column":1}},"line":17}},"branchMap":{"0":{"loc":{"start":{"line":15,"column":2},"end":{"line":15,"column":18}},"type":"default-arg","locations":[{"start":{"line":15,"column":9},"end":{"line":15,"column":18}}],"line":15},"1":{"loc":{"start":{"line":24,"column":8},"end":{"line":24,"column":55}},"type":"cond-expr","locations":[{"start":{"line":24,"column":29},"end":{"line":24,"column":43}},{"start":{"line":24,"column":46},"end":{"line":24,"column":55}}],"line":24},"2":{"loc":{"start":{"line":25,"column":8},"end":{"line":25,"column":51}},"type":"cond-expr","locations":[{"start":{"line":25,"column":27},"end":{"line":25,"column":39}},{"start":{"line":25,"column":42},"end":{"line":25,"column":51}}],"line":25},"3":{"loc":{"start":{"line":26,"column":8},"end":{"line":26,"column":71}},"type":"cond-expr","locations":[{"start":{"line":26,"column":37},"end":{"line":26,"column":59}},{"start":{"line":26,"column":62},"end":{"line":26,"column":71}}],"line":26},"4":{"loc":{"start":{"line":27,"column":8},"end":{"line":27,"column":57}},"type":"cond-expr","locations":[{"start":{"line":27,"column":30},"end":{"line":27,"column":45}},{"start":{"line":27,"column":48},"end":{"line":27,"column":57}}],"line":27},"5":{"loc":{"start":{"line":28,"column":8},"end":{"line":28,"column":49}},"type":"cond-expr","locations":[{"start":{"line":28,"column":26},"end":{"line":28,"column":37}},{"start":{"line":28,"column":40},"end":{"line":28,"column":49}}],"line":28}},"s":{"0":0,"1":0,"2":0},"f":{"0":0},"b":{"0":[0],"1":[0,0],"2":[0,0],"3":[0,0],"4":[0,0],"5":[0,0]}}
,"C:\\Users\\zakar\\Desktop\\EmoPath.01\\app-example\\components\\ThemedView.tsx": {"path":"C:\\Users\\zakar\\Desktop\\EmoPath.01\\app-example\\components\\ThemedView.tsx","statementMap":{"0":{"start":{"line":11,"column":26},"end":{"line":11,"column":93}},"1":{"start":{"line":13,"column":2},"end":{"line":13,"column":71}}},"fnMap":{"0":{"name":"ThemedView","decl":{"start":{"line":10,"column":16},"end":{"line":10,"column":26}},"loc":{"start":{"line":10,"column":93},"end":{"line":14,"column":1}},"line":10}},"branchMap":{},"s":{"0":0,"1":0},"f":{"0":0},"b":{}}
,"C:\\Users\\zakar\\Desktop\\EmoPath.01\\app-example\\components\\__tests__\\ThemedText-test.tsx": {"path":"C:\\Users\\zakar\\Desktop\\EmoPath.01\\app-example\\components\\__tests__\\ThemedText-test.tsx","statementMap":{"0":{"start":{"line":6,"column":0},"end":{"line":10,"column":3}},"1":{"start":{"line":7,"column":15},"end":{"line":7,"column":80}},"2":{"start":{"line":9,"column":2},"end":{"line":9,"column":33}}},"fnMap":{"0":{"name":"(anonymous_0)","decl":{"start":{"line":6,"column":24},"end":{"line":6,"column":25}},"loc":{"start":{"line":6,"column":30},"end":{"line":10,"column":1}},"line":6}},"branchMap":{},"s":{"0":0,"1":0,"2":0},"f":{"0":0},"b":{}}
,"C:\\Users\\zakar\\Desktop\\EmoPath.01\\app-example\\components\\ui\\IconSymbol.ios.tsx": {"path":"C:\\Users\\zakar\\Desktop\\EmoPath.01\\app-example\\components\\ui\\IconSymbol.ios.tsx","statementMap":{"0":{"start":{"line":17,"column":2},"end":{"line":31,"column":4}}},"fnMap":{"0":{"name":"IconSymbol","decl":{"start":{"line":4,"column":16},"end":{"line":4,"column":26}},"loc":{"start":{"line":16,"column":3},"end":{"line":32,"column":1}},"line":16}},"branchMap":{"0":{"loc":{"start":{"line":6,"column":2},"end":{"line":6,"column":11}},"type":"default-arg","locations":[{"start":{"line":6,"column":9},"end":{"line":6,"column":11}}],"line":6},"1":{"loc":{"start":{"line":9,"column":2},"end":{"line":9,"column":20}},"type":"default-arg","locations":[{"start":{"line":9,"column":11},"end":{"line":9,"column":20}}],"line":9}},"s":{"0":0},"f":{"0":0},"b":{"0":[0],"1":[0]}}
,"C:\\Users\\zakar\\Desktop\\EmoPath.01\\app-example\\components\\ui\\IconSymbol.tsx": {"path":"C:\\Users\\zakar\\Desktop\\EmoPath.01\\app-example\\components\\ui\\IconSymbol.tsx","statementMap":{"0":{"start":{"line":9,"column":16},"end":{"line":21,"column":1}},"1":{"start":{"line":42,"column":2},"end":{"line":42,"column":88}}},"fnMap":{"0":{"name":"IconSymbol","decl":{"start":{"line":30,"column":16},"end":{"line":30,"column":26}},"loc":{"start":{"line":41,"column":3},"end":{"line":43,"column":1}},"line":41}},"branchMap":{"0":{"loc":{"start":{"line":32,"column":2},"end":{"line":32,"column":11}},"type":"default-arg","locations":[{"start":{"line":32,"column":9},"end":{"line":32,"column":11}}],"line":32}},"s":{"0":0,"1":0},"f":{"0":0},"b":{"0":[0]}}
,"C:\\Users\\zakar\\Desktop\\EmoPath.01\\app-example\\components\\ui\\TabBarBackground.ios.tsx": {"path":"C:\\Users\\zakar\\Desktop\\EmoPath.01\\app-example\\components\\ui\\TabBarBackground.ios.tsx","statementMap":{"0":{"start":{"line":7,"column":2},"end":{"line":15,"column":4}},"1":{"start":{"line":19,"column":20},"end":{"line":19,"column":43}},"2":{"start":{"line":20,"column":21},"end":{"line":20,"column":40}},"3":{"start":{"line":21,"column":2},"end":{"line":21,"column":28}}},"fnMap":{"0":{"name":"BlurTabBarBackground","decl":{"start":{"line":6,"column":24},"end":{"line":6,"column":44}},"loc":{"start":{"line":6,"column":47},"end":{"line":16,"column":1}},"line":6},"1":{"name":"useBottomTabOverflow","decl":{"start":{"line":18,"column":16},"end":{"line":18,"column":36}},"loc":{"start":{"line":18,"column":39},"end":{"line":22,"column":1}},"line":18}},"branchMap":{},"s":{"0":0,"1":0,"2":0,"3":0},"f":{"0":0,"1":0},"b":{}}
,"C:\\Users\\zakar\\Desktop\\EmoPath.01\\app-example\\components\\ui\\TabBarBackground.tsx": {"path":"C:\\Users\\zakar\\Desktop\\EmoPath.01\\app-example\\components\\ui\\TabBarBackground.tsx","statementMap":{"0":{"start":{"line":5,"column":2},"end":{"line":5,"column":11}}},"fnMap":{"0":{"name":"useBottomTabOverflow","decl":{"start":{"line":4,"column":16},"end":{"line":4,"column":36}},"loc":{"start":{"line":4,"column":39},"end":{"line":6,"column":1}},"line":4}},"branchMap":{},"s":{"0":0},"f":{"0":0},"b":{}}
,"C:\\Users\\zakar\\Desktop\\EmoPath.01\\app-example\\constants\\Colors.ts": {"path":"C:\\Users\\zakar\\Desktop\\EmoPath.01\\app-example\\constants\\Colors.ts","statementMap":{"0":{"start":{"line":6,"column":23},"end":{"line":6,"column":32}},"1":{"start":{"line":7,"column":22},"end":{"line":7,"column":28}},"2":{"start":{"line":9,"column":22},"end":{"line":26,"column":1}}},"fnMap":{},"branchMap":{},"s":{"0":0,"1":0,"2":0},"f":{},"b":{}}
,"C:\\Users\\zakar\\Desktop\\EmoPath.01\\app-example\\hooks\\useColorScheme.ts": {"path":"C:\\Users\\zakar\\Desktop\\EmoPath.01\\app-example\\hooks\\useColorScheme.ts","statementMap":{},"fnMap":{},"branchMap":{},"s":{},"f":{},"b":{}}
,"C:\\Users\\zakar\\Desktop\\EmoPath.01\\app-example\\hooks\\useColorScheme.web.ts": {"path":"C:\\Users\\zakar\\Desktop\\EmoPath.01\\app-example\\hooks\\useColorScheme.web.ts","statementMap":{"0":{"start":{"line":8,"column":40},"end":{"line":8,"column":55}},"1":{"start":{"line":10,"column":2},"end":{"line":12,"column":9}},"2":{"start":{"line":11,"column":4},"end":{"line":11,"column":25}},"3":{"start":{"line":14,"column":22},"end":{"line":14,"column":40}},"4":{"start":{"line":16,"column":2},"end":{"line":18,"column":3}},"5":{"start":{"line":17,"column":4},"end":{"line":17,"column":23}},"6":{"start":{"line":20,"column":2},"end":{"line":20,"column":17}}},"fnMap":{"0":{"name":"useColorScheme","decl":{"start":{"line":7,"column":16},"end":{"line":7,"column":30}},"loc":{"start":{"line":7,"column":33},"end":{"line":21,"column":1}},"line":7},"1":{"name":"(anonymous_1)","decl":{"start":{"line":10,"column":12},"end":{"line":10,"column":13}},"loc":{"start":{"line":10,"column":18},"end":{"line":12,"column":3}},"line":10}},"branchMap":{"0":{"loc":{"start":{"line":16,"column":2},"end":{"line":18,"column":3}},"type":"if","locations":[{"start":{"line":16,"column":2},"end":{"line":18,"column":3}},{"start":{},"end":{}}],"line":16}},"s":{"0":0,"1":0,"2":0,"3":0,"4":0,"5":0,"6":0},"f":{"0":0,"1":0},"b":{"0":[0,0]}}
,"C:\\Users\\zakar\\Desktop\\EmoPath.01\\app-example\\hooks\\useThemeColor.ts": {"path":"C:\\Users\\zakar\\Desktop\\EmoPath.01\\app-example\\hooks\\useThemeColor.ts","statementMap":{"0":{"start":{"line":13,"column":16},"end":{"line":13,"column":43}},"1":{"start":{"line":14,"column":25},"end":{"line":14,"column":37}},"2":{"start":{"line":16,"column":2},"end":{"line":20,"column":3}},"3":{"start":{"line":17,"column":4},"end":{"line":17,"column":26}},"4":{"start":{"line":19,"column":4},"end":{"line":19,"column":36}}},"fnMap":{"0":{"name":"useThemeColor","decl":{"start":{"line":9,"column":16},"end":{"line":9,"column":29}},"loc":{"start":{"line":12,"column":2},"end":{"line":21,"column":1}},"line":12}},"branchMap":{"0":{"loc":{"start":{"line":13,"column":16},"end":{"line":13,"column":43}},"type":"binary-expr","locations":[{"start":{"line":13,"column":16},"end":{"line":13,"column":32}},{"start":{"line":13,"column":36},"end":{"line":13,"column":43}}],"line":13},"1":{"loc":{"start":{"line":16,"column":2},"end":{"line":20,"column":3}},"type":"if","locations":[{"start":{"line":16,"column":2},"end":{"line":20,"column":3}},{"start":{"line":18,"column":9},"end":{"line":20,"column":3}}],"line":16}},"s":{"0":0,"1":0,"2":0,"3":0,"4":0},"f":{"0":0},"b":{"0":[0,0],"1":[0,0]}}
,"C:\\Users\\zakar\\Desktop\\EmoPath.01\\app-example\\scripts\\reset-project.js": {"path":"C:\\Users\\zakar\\Desktop\\EmoPath.01\\app-example\\scripts\\reset-project.js","statementMap":{"0":{"start":{"line":9,"column":11},"end":{"line":9,"column":24}},"1":{"start":{"line":10,"column":13},"end":{"line":10,"column":28}},"2":{"start":{"line":12,"column":13},"end":{"line":12,"column":26}},"3":{"start":{"line":13,"column":16},"end":{"line":13,"column":70}},"4":{"start":{"line":14,"column":15},"end":{"line":14,"column":28}},"5":{"start":{"line":15,"column":18},"end":{"line":15,"column":23}},"6":{"start":{"line":16,"column":19},"end":{"line":16,"column":42}},"7":{"start":{"line":18,"column":21},"end":{"line":33,"column":1}},"8":{"start":{"line":35,"column":22},"end":{"line":40,"column":1}},"9":{"start":{"line":42,"column":24},"end":{"line":82,"column":1}},"10":{"start":{"line":43,"column":2},"end":{"line":81,"column":3}},"11":{"start":{"line":45,"column":4},"end":{"line":45,"column":61}},"12":{"start":{"line":46,"column":4},"end":{"line":46,"column":52}},"13":{"start":{"line":49,"column":4},"end":{"line":58,"column":5}},"14":{"start":{"line":50,"column":25},"end":{"line":50,"column":45}},"15":{"start":{"line":51,"column":25},"end":{"line":51,"column":53}},"16":{"start":{"line":52,"column":6},"end":{"line":57,"column":7}},"17":{"start":{"line":53,"column":8},"end":{"line":53,"column":57}},"18":{"start":{"line":54,"column":8},"end":{"line":54,"column":62}},"19":{"start":{"line":56,"column":8},"end":{"line":56,"column":60}},"20":{"start":{"line":61,"column":26},"end":{"line":61,"column":52}},"21":{"start":{"line":62,"column":4},"end":{"line":62,"column":64}},"22":{"start":{"line":63,"column":4},"end":{"line":63,"column":52}},"23":{"start":{"line":66,"column":22},"end":{"line":66,"column":59}},"24":{"start":{"line":67,"column":4},"end":{"line":67,"column":57}},"25":{"start":{"line":68,"column":4},"end":{"line":68,"column":45}},"26":{"start":{"line":71,"column":23},"end":{"line":71,"column":62}},"27":{"start":{"line":72,"column":4},"end":{"line":72,"column":59}},"28":{"start":{"line":73,"column":4},"end":{"line":73,"column":47}},"29":{"start":{"line":75,"column":4},"end":{"line":75,"column":59}},"30":{"start":{"line":76,"column":4},"end":{"line":78,"column":6}},"31":{"start":{"line":80,"column":4},"end":{"line":80,"column":61}},"32":{"start":{"line":84,"column":0},"end":{"line":84,"column":18}}},"fnMap":{"0":{"name":"(anonymous_0)","decl":{"start":{"line":42,"column":24},"end":{"line":42,"column":25}},"loc":{"start":{"line":42,"column":36},"end":{"line":82,"column":1}},"line":42}},"branchMap":{"0":{"loc":{"start":{"line":52,"column":6},"end":{"line":57,"column":7}},"type":"if","locations":[{"start":{"line":52,"column":6},"end":{"line":57,"column":7}},{"start":{"line":55,"column":13},"end":{"line":57,"column":7}}],"line":52}},"s":{"0":0,"1":0,"2":0,"3":0,"4":0,"5":0,"6":0,"7":0,"8":0,"9":0,"10":0,"11":0,"12":0,"13":0,"14":0,"15":0,"16":0,"17":0,"18":0,"19":0,"20":0,"21":0,"22":0,"23":0,"24":0,"25":0,"26":0,"27":0,"28":0,"29":0,"30":0,"31":0,"32":0},"f":{"0":0},"b":{"0":[0,0]}}
,"C:\\Users\\zakar\\Desktop\\EmoPath.01\\app\\(auth)\\_layout.tsx": {"path":"C:\\Users\\zakar\\Desktop\\EmoPath.01\\app\\(auth)\\_layout.tsx","statementMap":{"0":{"start":{"line":6,"column":19},"end":{"line":32,"column":1}},"1":{"start":{"line":7,"column":32},"end":{"line":7,"column":50}},"2":{"start":{"line":9,"column":2},"end":{"line":9,"column":64}},"3":{"start":{"line":9,"column":28},"end":{"line":9,"column":64}},"4":{"start":{"line":11,"column":2},"end":{"line":31,"column":3}}},"fnMap":{"0":{"name":"(anonymous_0)","decl":{"start":{"line":6,"column":19},"end":{"line":6,"column":20}},"loc":{"start":{"line":6,"column":25},"end":{"line":32,"column":1}},"line":6}},"branchMap":{"0":{"loc":{"start":{"line":9,"column":2},"end":{"line":9,"column":64}},"type":"if","locations":[{"start":{"line":9,"column":2},"end":{"line":9,"column":64}},{"start":{},"end":{}}],"line":9},"1":{"loc":{"start":{"line":9,"column":6},"end":{"line":9,"column":26}},"type":"binary-expr","locations":[{"start":{"line":9,"column":6},"end":{"line":9,"column":14}},{"start":{"line":9,"column":18},"end":{"line":9,"column":26}}],"line":9}},"s":{"0":0,"1":0,"2":0,"3":0,"4":0},"f":{"0":0},"b":{"0":[0,0],"1":[0,0]}}
,"C:\\Users\\zakar\\Desktop\\EmoPath.01\\app\\(auth)\\sign-in.tsx": {"path":"C:\\Users\\zakar\\Desktop\\EmoPath.01\\app\\(auth)\\sign-in.tsx","statementMap":{"0":{"start":{"line":20,"column":13},"end":{"line":116,"column":1}},"1":{"start":{"line":22,"column":44},"end":{"line":22,"column":62}},"2":{"start":{"line":23,"column":42},"end":{"line":23,"column":57}},"3":{"start":{"line":24,"column":26},"end":{"line":27,"column":4}},"4":{"start":{"line":31,"column":22},"end":{"line":39,"column":3}},"5":{"start":{"line":32,"column":19},"end":{"line":32,"column":32}},"6":{"start":{"line":33,"column":4},"end":{"line":38,"column":5}},"7":{"start":{"line":34,"column":6},"end":{"line":34,"column":16}},"8":{"start":{"line":35,"column":6},"end":{"line":35,"column":33}},"9":{"start":{"line":37,"column":6},"end":{"line":37,"column":52}},"10":{"start":{"line":41,"column":17},"end":{"line":61,"column":3}},"11":{"start":{"line":42,"column":4},"end":{"line":45,"column":5}},"12":{"start":{"line":43,"column":6},"end":{"line":43,"column":60}},"13":{"start":{"line":44,"column":6},"end":{"line":44,"column":13}},"14":{"start":{"line":47,"column":4},"end":{"line":47,"column":26}},"15":{"start":{"line":49,"column":4},"end":{"line":60,"column":5}},"16":{"start":{"line":50,"column":6},"end":{"line":50,"column":67}},"17":{"start":{"line":51,"column":21},"end":{"line":51,"column":43}},"18":{"start":{"line":52,"column":6},"end":{"line":52,"column":26}},"19":{"start":{"line":53,"column":6},"end":{"line":53,"column":22}},"20":{"start":{"line":54,"column":6},"end":{"line":54,"column":24}},"21":{"start":{"line":55,"column":8},"end":{"line":55,"column":32}},"22":{"start":{"line":57,"column":6},"end":{"line":57,"column":85}},"23":{"start":{"line":59,"column":6},"end":{"line":59,"column":29}},"24":{"start":{"line":63,"column":2},"end":{"line":115,"column":4}},"25":{"start":{"line":78,"column":43},"end":{"line":78,"column":73}},"26":{"start":{"line":84,"column":43},"end":{"line":84,"column":76}},"27":{"start":{"line":108,"column":41},"end":{"line":108,"column":67}}},"fnMap":{"0":{"name":"(anonymous_0)","decl":{"start":{"line":20,"column":13},"end":{"line":20,"column":14}},"loc":{"start":{"line":20,"column":19},"end":{"line":116,"column":1}},"line":20},"1":{"name":"(anonymous_1)","decl":{"start":{"line":31,"column":22},"end":{"line":31,"column":23}},"loc":{"start":{"line":31,"column":34},"end":{"line":39,"column":3}},"line":31},"2":{"name":"(anonymous_2)","decl":{"start":{"line":41,"column":17},"end":{"line":41,"column":18}},"loc":{"start":{"line":41,"column":29},"end":{"line":61,"column":3}},"line":41},"3":{"name":"(anonymous_3)","decl":{"start":{"line":78,"column":28},"end":{"line":78,"column":29}},"loc":{"start":{"line":78,"column":43},"end":{"line":78,"column":73}},"line":78},"4":{"name":"(anonymous_4)","decl":{"start":{"line":84,"column":28},"end":{"line":84,"column":29}},"loc":{"start":{"line":84,"column":43},"end":{"line":84,"column":76}},"line":84},"5":{"name":"(anonymous_5)","decl":{"start":{"line":108,"column":35},"end":{"line":108,"column":36}},"loc":{"start":{"line":108,"column":41},"end":{"line":108,"column":67}},"line":108}},"branchMap":{"0":{"loc":{"start":{"line":33,"column":4},"end":{"line":38,"column":5}},"type":"if","locations":[{"start":{"line":33,"column":4},"end":{"line":38,"column":5}},{"start":{"line":36,"column":11},"end":{"line":38,"column":5}}],"line":33},"1":{"loc":{"start":{"line":42,"column":4},"end":{"line":45,"column":5}},"type":"if","locations":[{"start":{"line":42,"column":4},"end":{"line":45,"column":5}},{"start":{},"end":{}}],"line":42},"2":{"loc":{"start":{"line":42,"column":8},"end":{"line":42,"column":48}},"type":"binary-expr","locations":[{"start":{"line":42,"column":8},"end":{"line":42,"column":24}},{"start":{"line":42,"column":28},"end":{"line":42,"column":48}}],"line":42}},"s":{"0":0,"1":0,"2":0,"3":0,"4":0,"5":0,"6":0,"7":0,"8":0,"9":0,"10":0,"11":0,"12":0,"13":0,"14":0,"15":0,"16":0,"17":0,"18":0,"19":0,"20":0,"21":0,"22":0,"23":0,"24":0,"25":0,"26":0,"27":0},"f":{"0":0,"1":0,"2":0,"3":0,"4":0,"5":0},"b":{"0":[0,0],"1":[0,0],"2":[0,0]}}
,"C:\\Users\\zakar\\Desktop\\EmoPath.01\\app\\(auth)\\sign-up.tsx": {"path":"C:\\Users\\zakar\\Desktop\\EmoPath.01\\app\\(auth)\\sign-up.tsx","statementMap":{"0":{"start":{"line":12,"column":15},"end":{"line":130,"column":1}},"1":{"start":{"line":15,"column":65},"end":{"line":15,"column":83}},"2":{"start":{"line":16,"column":44},"end":{"line":16,"column":59}},"3":{"start":{"line":17,"column":28},"end":{"line":21,"column":6}},"4":{"start":{"line":24,"column":23},"end":{"line":57,"column":5}},"5":{"start":{"line":25,"column":4},"end":{"line":28,"column":5}},"6":{"start":{"line":26,"column":6},"end":{"line":26,"column":56}},"7":{"start":{"line":27,"column":6},"end":{"line":27,"column":13}},"8":{"start":{"line":30,"column":4},"end":{"line":30,"column":26}},"9":{"start":{"line":31,"column":4},"end":{"line":56,"column":7}},"10":{"start":{"line":32,"column":21},"end":{"line":36,"column":8}},"11":{"start":{"line":38,"column":6},"end":{"line":43,"column":7}},"12":{"start":{"line":39,"column":8},"end":{"line":39,"column":24}},"13":{"start":{"line":40,"column":8},"end":{"line":40,"column":26}},"14":{"start":{"line":41,"column":8},"end":{"line":41,"column":18}},"15":{"start":{"line":42,"column":8},"end":{"line":42,"column":35}},"16":{"start":{"line":45,"column":8},"end":{"line":53,"column":9}},"17":{"start":{"line":46,"column":10},"end":{"line":50,"column":11}},"18":{"start":{"line":47,"column":12},"end":{"line":47,"column":71}},"19":{"start":{"line":49,"column":12},"end":{"line":49,"column":48}},"20":{"start":{"line":52,"column":10},"end":{"line":52,"column":64}},"21":{"start":{"line":55,"column":8},"end":{"line":55,"column":31}},"22":{"start":{"line":60,"column":3},"end":{"line":60,"column":58}},"23":{"start":{"line":60,"column":29},"end":{"line":60,"column":58}},"24":{"start":{"line":62,"column":29},"end":{"line":69,"column":3}},"25":{"start":{"line":63,"column":19},"end":{"line":63,"column":32}},"26":{"start":{"line":64,"column":4},"end":{"line":68,"column":5}},"27":{"start":{"line":65,"column":6},"end":{"line":65,"column":16}},"28":{"start":{"line":67,"column":6},"end":{"line":67,"column":52}},"29":{"start":{"line":72,"column":2},"end":{"line":129,"column":4}},"30":{"start":{"line":87,"column":45},"end":{"line":87,"column":78}},"31":{"start":{"line":92,"column":45},"end":{"line":92,"column":75}},"32":{"start":{"line":98,"column":45},"end":{"line":98,"column":78}},"33":{"start":{"line":121,"column":43},"end":{"line":121,"column":69}}},"fnMap":{"0":{"name":"(anonymous_0)","decl":{"start":{"line":12,"column":15},"end":{"line":12,"column":16}},"loc":{"start":{"line":12,"column":21},"end":{"line":130,"column":1}},"line":12},"1":{"name":"(anonymous_1)","decl":{"start":{"line":24,"column":23},"end":{"line":24,"column":24}},"loc":{"start":{"line":24,"column":35},"end":{"line":57,"column":5}},"line":24},"2":{"name":"(anonymous_2)","decl":{"start":{"line":62,"column":29},"end":{"line":62,"column":30}},"loc":{"start":{"line":62,"column":41},"end":{"line":69,"column":3}},"line":62},"3":{"name":"(anonymous_3)","decl":{"start":{"line":87,"column":30},"end":{"line":87,"column":31}},"loc":{"start":{"line":87,"column":45},"end":{"line":87,"column":78}},"line":87},"4":{"name":"(anonymous_4)","decl":{"start":{"line":92,"column":30},"end":{"line":92,"column":31}},"loc":{"start":{"line":92,"column":45},"end":{"line":92,"column":75}},"line":92},"5":{"name":"(anonymous_5)","decl":{"start":{"line":98,"column":30},"end":{"line":98,"column":31}},"loc":{"start":{"line":98,"column":45},"end":{"line":98,"column":78}},"line":98},"6":{"name":"(anonymous_6)","decl":{"start":{"line":121,"column":37},"end":{"line":121,"column":38}},"loc":{"start":{"line":121,"column":43},"end":{"line":121,"column":69}},"line":121}},"branchMap":{"0":{"loc":{"start":{"line":25,"column":4},"end":{"line":28,"column":5}},"type":"if","locations":[{"start":{"line":25,"column":4},"end":{"line":28,"column":5}},{"start":{},"end":{}}],"line":25},"1":{"loc":{"start":{"line":25,"column":8},"end":{"line":25,"column":55}},"type":"binary-expr","locations":[{"start":{"line":25,"column":8},"end":{"line":25,"column":19}},{"start":{"line":25,"column":23},"end":{"line":25,"column":37}},{"start":{"line":25,"column":41},"end":{"line":25,"column":55}}],"line":25},"2":{"loc":{"start":{"line":38,"column":6},"end":{"line":43,"column":7}},"type":"if","locations":[{"start":{"line":38,"column":6},"end":{"line":43,"column":7}},{"start":{},"end":{}}],"line":38},"3":{"loc":{"start":{"line":45,"column":8},"end":{"line":53,"column":9}},"type":"if","locations":[{"start":{"line":45,"column":8},"end":{"line":53,"column":9}},{"start":{"line":51,"column":15},"end":{"line":53,"column":9}}],"line":45},"4":{"loc":{"start":{"line":46,"column":10},"end":{"line":50,"column":11}},"type":"if","locations":[{"start":{"line":46,"column":10},"end":{"line":50,"column":11}},{"start":{"line":48,"column":17},"end":{"line":50,"column":11}}],"line":46},"5":{"loc":{"start":{"line":60,"column":3},"end":{"line":60,"column":58}},"type":"if","locations":[{"start":{"line":60,"column":3},"end":{"line":60,"column":58}},{"start":{},"end":{}}],"line":60},"6":{"loc":{"start":{"line":60,"column":7},"end":{"line":60,"column":27}},"type":"binary-expr","locations":[{"start":{"line":60,"column":7},"end":{"line":60,"column":15}},{"start":{"line":60,"column":19},"end":{"line":60,"column":27}}],"line":60},"7":{"loc":{"start":{"line":64,"column":4},"end":{"line":68,"column":5}},"type":"if","locations":[{"start":{"line":64,"column":4},"end":{"line":68,"column":5}},{"start":{"line":66,"column":11},"end":{"line":68,"column":5}}],"line":64}},"s":{"0":0,"1":0,"2":0,"3":0,"4":0,"5":0,"6":0,"7":0,"8":0,"9":0,"10":0,"11":0,"12":0,"13":0,"14":0,"15":0,"16":0,"17":0,"18":0,"19":0,"20":0,"21":0,"22":0,"23":0,"24":0,"25":0,"26":0,"27":0,"28":0,"29":0,"30":0,"31":0,"32":0,"33":0},"f":{"0":0,"1":0,"2":0,"3":0,"4":0,"5":0,"6":0},"b":{"0":[0,0],"1":[0,0,0],"2":[0,0],"3":[0,0],"4":[0,0],"5":[0,0],"6":[0,0],"7":[0,0]}}
,"C:\\Users\\zakar\\Desktop\\EmoPath.01\\app\\(registrations)\\AcceptPrivacy.tsx": {"path":"C:\\Users\\zakar\\Desktop\\EmoPath.01\\app\\(registrations)\\AcceptPrivacy.tsx","statementMap":{"0":{"start":{"line":7,"column":22},"end":{"line":85,"column":1}},"1":{"start":{"line":8,"column":34},"end":{"line":8,"column":49}},"2":{"start":{"line":10,"column":28},"end":{"line":14,"column":3}},"3":{"start":{"line":11,"column":4},"end":{"line":13,"column":5}},"4":{"start":{"line":12,"column":6},"end":{"line":12,"column":94}},"5":{"start":{"line":16,"column":2},"end":{"line":84,"column":4}},"6":{"start":{"line":63,"column":14},"end":{"line":63,"column":32}},"7":{"start":{"line":64,"column":14},"end":{"line":64,"column":38}}},"fnMap":{"0":{"name":"(anonymous_0)","decl":{"start":{"line":7,"column":22},"end":{"line":7,"column":23}},"loc":{"start":{"line":7,"column":28},"end":{"line":85,"column":1}},"line":7},"1":{"name":"(anonymous_1)","decl":{"start":{"line":10,"column":28},"end":{"line":10,"column":29}},"loc":{"start":{"line":10,"column":34},"end":{"line":14,"column":3}},"line":10},"2":{"name":"(anonymous_2)","decl":{"start":{"line":62,"column":25},"end":{"line":62,"column":26}},"loc":{"start":{"line":62,"column":31},"end":{"line":65,"column":13}},"line":62}},"branchMap":{"0":{"loc":{"start":{"line":11,"column":4},"end":{"line":13,"column":5}},"type":"if","locations":[{"start":{"line":11,"column":4},"end":{"line":13,"column":5}},{"start":{},"end":{}}],"line":11}},"s":{"0":0,"1":0,"2":0,"3":0,"4":0,"5":0,"6":0,"7":0},"f":{"0":0,"1":0,"2":0},"b":{"0":[0,0]}}
,"C:\\Users\\zakar\\Desktop\\EmoPath.01\\app\\(registrations)\\Behavioral_Patterns_History.tsx": {"path":"C:\\Users\\zakar\\Desktop\\EmoPath.01\\app\\(registrations)\\Behavioral_Patterns_History.tsx","statementMap":{"0":{"start":{"line":8,"column":36},"end":{"line":87,"column":1}},"1":{"start":{"line":9,"column":46},"end":{"line":9,"column":58}},"2":{"start":{"line":10,"column":50},"end":{"line":10,"column":62}},"3":{"start":{"line":11,"column":19},"end":{"line":11,"column":37}},"4":{"start":{"line":12,"column":42},"end":{"line":12,"column":57}},"5":{"start":{"line":14,"column":23},"end":{"line":44,"column":3}},"6":{"start":{"line":15,"column":4},"end":{"line":18,"column":5}},"7":{"start":{"line":16,"column":6},"end":{"line":16,"column":50}},"8":{"start":{"line":17,"column":6},"end":{"line":17,"column":13}},"9":{"start":{"line":20,"column":4},"end":{"line":23,"column":5}},"10":{"start":{"line":21,"column":6},"end":{"line":21,"column":57}},"11":{"start":{"line":22,"column":6},"end":{"line":22,"column":13}},"12":{"start":{"line":25,"column":4},"end":{"line":43,"column":5}},"13":{"start":{"line":26,"column":6},"end":{"line":26,"column":28}},"14":{"start":{"line":27,"column":23},"end":{"line":27,"column":31}},"15":{"start":{"line":28,"column":24},"end":{"line":31,"column":7}},"16":{"start":{"line":34,"column":6},"end":{"line":34,"column":60}},"17":{"start":{"line":36,"column":6},"end":{"line":36,"column":43}},"18":{"start":{"line":38,"column":6},"end":{"line":38,"column":49}},"19":{"start":{"line":39,"column":27},"end":{"line":39,"column":98}},"20":{"start":{"line":40,"column":6},"end":{"line":40,"column":41}},"21":{"start":{"line":42,"column":6},"end":{"line":42,"column":29}},"22":{"start":{"line":46,"column":2},"end":{"line":86,"column":4}}},"fnMap":{"0":{"name":"(anonymous_0)","decl":{"start":{"line":8,"column":36},"end":{"line":8,"column":37}},"loc":{"start":{"line":8,"column":42},"end":{"line":87,"column":1}},"line":8},"1":{"name":"(anonymous_1)","decl":{"start":{"line":14,"column":23},"end":{"line":14,"column":24}},"loc":{"start":{"line":14,"column":35},"end":{"line":44,"column":3}},"line":14}},"branchMap":{"0":{"loc":{"start":{"line":15,"column":4},"end":{"line":18,"column":5}},"type":"if","locations":[{"start":{"line":15,"column":4},"end":{"line":18,"column":5}},{"start":{},"end":{}}],"line":15},"1":{"loc":{"start":{"line":15,"column":8},"end":{"line":15,"column":26}},"type":"binary-expr","locations":[{"start":{"line":15,"column":8},"end":{"line":15,"column":13}},{"start":{"line":15,"column":17},"end":{"line":15,"column":26}}],"line":15},"2":{"loc":{"start":{"line":20,"column":4},"end":{"line":23,"column":5}},"type":"if","locations":[{"start":{"line":20,"column":4},"end":{"line":23,"column":5}},{"start":{},"end":{}}],"line":20},"3":{"loc":{"start":{"line":20,"column":8},"end":{"line":20,"column":44}},"type":"binary-expr","locations":[{"start":{"line":20,"column":8},"end":{"line":20,"column":23}},{"start":{"line":20,"column":27},"end":{"line":20,"column":44}}],"line":20},"4":{"loc":{"start":{"line":39,"column":27},"end":{"line":39,"column":98}},"type":"cond-expr","locations":[{"start":{"line":39,"column":52},"end":{"line":39,"column":65}},{"start":{"line":39,"column":68},"end":{"line":39,"column":98}}],"line":39}},"s":{"0":0,"1":0,"2":0,"3":0,"4":0,"5":0,"6":0,"7":0,"8":0,"9":0,"10":0,"11":0,"12":0,"13":0,"14":0,"15":0,"16":0,"17":0,"18":0,"19":0,"20":0,"21":0,"22":0},"f":{"0":0,"1":0},"b":{"0":[0,0],"1":[0,0],"2":[0,0],"3":[0,0],"4":[0,0]}}
,"C:\\Users\\zakar\\Desktop\\EmoPath.01\\app\\(registrations)\\Emotional_Social_Dev.tsx": {"path":"C:\\Users\\zakar\\Desktop\\EmoPath.01\\app\\(registrations)\\Emotional_Social_Dev.tsx","statementMap":{"0":{"start":{"line":8,"column":29},"end":{"line":87,"column":1}},"1":{"start":{"line":9,"column":60},"end":{"line":9,"column":72}},"2":{"start":{"line":10,"column":56},"end":{"line":10,"column":68}},"3":{"start":{"line":11,"column":19},"end":{"line":11,"column":37}},"4":{"start":{"line":12,"column":42},"end":{"line":12,"column":57}},"5":{"start":{"line":14,"column":23},"end":{"line":44,"column":3}},"6":{"start":{"line":15,"column":4},"end":{"line":18,"column":5}},"7":{"start":{"line":16,"column":6},"end":{"line":16,"column":50}},"8":{"start":{"line":17,"column":6},"end":{"line":17,"column":13}},"9":{"start":{"line":20,"column":4},"end":{"line":23,"column":5}},"10":{"start":{"line":21,"column":6},"end":{"line":21,"column":57}},"11":{"start":{"line":22,"column":6},"end":{"line":22,"column":13}},"12":{"start":{"line":25,"column":4},"end":{"line":43,"column":5}},"13":{"start":{"line":26,"column":6},"end":{"line":26,"column":28}},"14":{"start":{"line":27,"column":23},"end":{"line":27,"column":31}},"15":{"start":{"line":28,"column":24},"end":{"line":31,"column":7}},"16":{"start":{"line":34,"column":6},"end":{"line":34,"column":60}},"17":{"start":{"line":36,"column":6},"end":{"line":36,"column":33}},"18":{"start":{"line":38,"column":6},"end":{"line":38,"column":49}},"19":{"start":{"line":39,"column":27},"end":{"line":39,"column":98}},"20":{"start":{"line":40,"column":6},"end":{"line":40,"column":41}},"21":{"start":{"line":42,"column":6},"end":{"line":42,"column":29}},"22":{"start":{"line":46,"column":2},"end":{"line":86,"column":4}}},"fnMap":{"0":{"name":"(anonymous_0)","decl":{"start":{"line":8,"column":29},"end":{"line":8,"column":30}},"loc":{"start":{"line":8,"column":35},"end":{"line":87,"column":1}},"line":8},"1":{"name":"(anonymous_1)","decl":{"start":{"line":14,"column":23},"end":{"line":14,"column":24}},"loc":{"start":{"line":14,"column":35},"end":{"line":44,"column":3}},"line":14}},"branchMap":{"0":{"loc":{"start":{"line":15,"column":4},"end":{"line":18,"column":5}},"type":"if","locations":[{"start":{"line":15,"column":4},"end":{"line":18,"column":5}},{"start":{},"end":{}}],"line":15},"1":{"loc":{"start":{"line":15,"column":8},"end":{"line":15,"column":26}},"type":"binary-expr","locations":[{"start":{"line":15,"column":8},"end":{"line":15,"column":13}},{"start":{"line":15,"column":17},"end":{"line":15,"column":26}}],"line":15},"2":{"loc":{"start":{"line":20,"column":4},"end":{"line":23,"column":5}},"type":"if","locations":[{"start":{"line":20,"column":4},"end":{"line":23,"column":5}},{"start":{},"end":{}}],"line":20},"3":{"loc":{"start":{"line":20,"column":8},"end":{"line":20,"column":54}},"type":"binary-expr","locations":[{"start":{"line":20,"column":8},"end":{"line":20,"column":30}},{"start":{"line":20,"column":34},"end":{"line":20,"column":54}}],"line":20},"4":{"loc":{"start":{"line":39,"column":27},"end":{"line":39,"column":98}},"type":"cond-expr","locations":[{"start":{"line":39,"column":52},"end":{"line":39,"column":65}},{"start":{"line":39,"column":68},"end":{"line":39,"column":98}}],"line":39}},"s":{"0":0,"1":0,"2":0,"3":0,"4":0,"5":0,"6":0,"7":0,"8":0,"9":0,"10":0,"11":0,"12":0,"13":0,"14":0,"15":0,"16":0,"17":0,"18":0,"19":0,"20":0,"21":0,"22":0},"f":{"0":0,"1":0},"b":{"0":[0,0],"1":[0,0],"2":[0,0],"3":[0,0],"4":[0,0]}}
,"C:\\Users\\zakar\\Desktop\\EmoPath.01\\app\\(registrations)\\Future_Goal.tsx": {"path":"C:\\Users\\zakar\\Desktop\\EmoPath.01\\app\\(registrations)\\Future_Goal.tsx","statementMap":{"0":{"start":{"line":9,"column":20},"end":{"line":99,"column":1}},"1":{"start":{"line":10,"column":54},"end":{"line":10,"column":66}},"2":{"start":{"line":11,"column":19},"end":{"line":11,"column":37}},"3":{"start":{"line":12,"column":42},"end":{"line":12,"column":57}},"4":{"start":{"line":14,"column":23},"end":{"line":43,"column":3}},"5":{"start":{"line":15,"column":4},"end":{"line":18,"column":5}},"6":{"start":{"line":16,"column":6},"end":{"line":16,"column":50}},"7":{"start":{"line":17,"column":6},"end":{"line":17,"column":13}},"8":{"start":{"line":20,"column":4},"end":{"line":23,"column":5}},"9":{"start":{"line":21,"column":6},"end":{"line":21,"column":57}},"10":{"start":{"line":22,"column":6},"end":{"line":22,"column":13}},"11":{"start":{"line":25,"column":4},"end":{"line":42,"column":5}},"12":{"start":{"line":26,"column":6},"end":{"line":26,"column":28}},"13":{"start":{"line":27,"column":23},"end":{"line":27,"column":31}},"14":{"start":{"line":28,"column":24},"end":{"line":30,"column":7}},"15":{"start":{"line":33,"column":6},"end":{"line":33,"column":60}},"16":{"start":{"line":35,"column":6},"end":{"line":35,"column":30}},"17":{"start":{"line":37,"column":6},"end":{"line":37,"column":49}},"18":{"start":{"line":38,"column":27},"end":{"line":38,"column":98}},"19":{"start":{"line":39,"column":6},"end":{"line":39,"column":41}},"20":{"start":{"line":41,"column":6},"end":{"line":41,"column":29}},"21":{"start":{"line":45,"column":2},"end":{"line":98,"column":4}}},"fnMap":{"0":{"name":"(anonymous_0)","decl":{"start":{"line":9,"column":20},"end":{"line":9,"column":21}},"loc":{"start":{"line":9,"column":26},"end":{"line":99,"column":1}},"line":9},"1":{"name":"(anonymous_1)","decl":{"start":{"line":14,"column":23},"end":{"line":14,"column":24}},"loc":{"start":{"line":14,"column":35},"end":{"line":43,"column":3}},"line":14}},"branchMap":{"0":{"loc":{"start":{"line":15,"column":4},"end":{"line":18,"column":5}},"type":"if","locations":[{"start":{"line":15,"column":4},"end":{"line":18,"column":5}},{"start":{},"end":{}}],"line":15},"1":{"loc":{"start":{"line":15,"column":8},"end":{"line":15,"column":26}},"type":"binary-expr","locations":[{"start":{"line":15,"column":8},"end":{"line":15,"column":13}},{"start":{"line":15,"column":17},"end":{"line":15,"column":26}}],"line":15},"2":{"loc":{"start":{"line":20,"column":4},"end":{"line":23,"column":5}},"type":"if","locations":[{"start":{"line":20,"column":4},"end":{"line":23,"column":5}},{"start":{},"end":{}}],"line":20},"3":{"loc":{"start":{"line":38,"column":27},"end":{"line":38,"column":98}},"type":"cond-expr","locations":[{"start":{"line":38,"column":52},"end":{"line":38,"column":65}},{"start":{"line":38,"column":68},"end":{"line":38,"column":98}}],"line":38}},"s":{"0":0,"1":0,"2":0,"3":0,"4":0,"5":0,"6":0,"7":0,"8":0,"9":0,"10":0,"11":0,"12":0,"13":0,"14":0,"15":0,"16":0,"17":0,"18":0,"19":0,"20":0,"21":0},"f":{"0":0,"1":0},"b":{"0":[0,0],"1":[0,0],"2":[0,0],"3":[0,0]}}
,"C:\\Users\\zakar\\Desktop\\EmoPath.01\\app\\(registrations)\\Goal_Areas.tsx": {"path":"C:\\Users\\zakar\\Desktop\\EmoPath.01\\app\\(registrations)\\Goal_Areas.tsx","statementMap":{"0":{"start":{"line":8,"column":19},"end":{"line":88,"column":1}},"1":{"start":{"line":9,"column":60},"end":{"line":9,"column":72}},"2":{"start":{"line":10,"column":62},"end":{"line":10,"column":74}},"3":{"start":{"line":11,"column":19},"end":{"line":11,"column":37}},"4":{"start":{"line":12,"column":42},"end":{"line":12,"column":57}},"5":{"start":{"line":14,"column":23},"end":{"line":44,"column":3}},"6":{"start":{"line":15,"column":4},"end":{"line":18,"column":5}},"7":{"start":{"line":16,"column":6},"end":{"line":16,"column":50}},"8":{"start":{"line":17,"column":6},"end":{"line":17,"column":13}},"9":{"start":{"line":20,"column":4},"end":{"line":23,"column":5}},"10":{"start":{"line":21,"column":6},"end":{"line":21,"column":57}},"11":{"start":{"line":22,"column":6},"end":{"line":22,"column":13}},"12":{"start":{"line":25,"column":4},"end":{"line":43,"column":5}},"13":{"start":{"line":26,"column":6},"end":{"line":26,"column":28}},"14":{"start":{"line":27,"column":23},"end":{"line":27,"column":31}},"15":{"start":{"line":28,"column":24},"end":{"line":31,"column":7}},"16":{"start":{"line":34,"column":6},"end":{"line":34,"column":60}},"17":{"start":{"line":36,"column":6},"end":{"line":36,"column":52}},"18":{"start":{"line":38,"column":6},"end":{"line":38,"column":49}},"19":{"start":{"line":39,"column":27},"end":{"line":39,"column":98}},"20":{"start":{"line":40,"column":6},"end":{"line":40,"column":41}},"21":{"start":{"line":42,"column":6},"end":{"line":42,"column":29}},"22":{"start":{"line":46,"column":2},"end":{"line":87,"column":4}}},"fnMap":{"0":{"name":"(anonymous_0)","decl":{"start":{"line":8,"column":19},"end":{"line":8,"column":20}},"loc":{"start":{"line":8,"column":25},"end":{"line":88,"column":1}},"line":8},"1":{"name":"(anonymous_1)","decl":{"start":{"line":14,"column":23},"end":{"line":14,"column":24}},"loc":{"start":{"line":14,"column":35},"end":{"line":44,"column":3}},"line":14}},"branchMap":{"0":{"loc":{"start":{"line":15,"column":4},"end":{"line":18,"column":5}},"type":"if","locations":[{"start":{"line":15,"column":4},"end":{"line":18,"column":5}},{"start":{},"end":{}}],"line":15},"1":{"loc":{"start":{"line":15,"column":8},"end":{"line":15,"column":26}},"type":"binary-expr","locations":[{"start":{"line":15,"column":8},"end":{"line":15,"column":13}},{"start":{"line":15,"column":17},"end":{"line":15,"column":26}}],"line":15},"2":{"loc":{"start":{"line":20,"column":4},"end":{"line":23,"column":5}},"type":"if","locations":[{"start":{"line":20,"column":4},"end":{"line":23,"column":5}},{"start":{},"end":{}}],"line":20},"3":{"loc":{"start":{"line":20,"column":8},"end":{"line":20,"column":57}},"type":"binary-expr","locations":[{"start":{"line":20,"column":8},"end":{"line":20,"column":30}},{"start":{"line":20,"column":34},"end":{"line":20,"column":57}}],"line":20},"4":{"loc":{"start":{"line":39,"column":27},"end":{"line":39,"column":98}},"type":"cond-expr","locations":[{"start":{"line":39,"column":52},"end":{"line":39,"column":65}},{"start":{"line":39,"column":68},"end":{"line":39,"column":98}}],"line":39}},"s":{"0":0,"1":0,"2":0,"3":0,"4":0,"5":0,"6":0,"7":0,"8":0,"9":0,"10":0,"11":0,"12":0,"13":0,"14":0,"15":0,"16":0,"17":0,"18":0,"19":0,"20":0,"21":0,"22":0},"f":{"0":0,"1":0},"b":{"0":[0,0],"1":[0,0],"2":[0,0],"3":[0,0],"4":[0,0]}}
,"C:\\Users\\zakar\\Desktop\\EmoPath.01\\app\\(registrations)\\InterestsPreferences.tsx": {"path":"C:\\Users\\zakar\\Desktop\\EmoPath.01\\app\\(registrations)\\InterestsPreferences.tsx","statementMap":{"0":{"start":{"line":8,"column":29},"end":{"line":87,"column":1}},"1":{"start":{"line":9,"column":32},"end":{"line":9,"column":44}},"2":{"start":{"line":10,"column":54},"end":{"line":10,"column":66}},"3":{"start":{"line":11,"column":19},"end":{"line":11,"column":37}},"4":{"start":{"line":12,"column":42},"end":{"line":12,"column":57}},"5":{"start":{"line":14,"column":23},"end":{"line":44,"column":3}},"6":{"start":{"line":15,"column":4},"end":{"line":18,"column":5}},"7":{"start":{"line":16,"column":6},"end":{"line":16,"column":50}},"8":{"start":{"line":17,"column":6},"end":{"line":17,"column":13}},"9":{"start":{"line":20,"column":4},"end":{"line":23,"column":5}},"10":{"start":{"line":21,"column":6},"end":{"line":21,"column":57}},"11":{"start":{"line":22,"column":6},"end":{"line":22,"column":13}},"12":{"start":{"line":25,"column":4},"end":{"line":43,"column":5}},"13":{"start":{"line":26,"column":6},"end":{"line":26,"column":28}},"14":{"start":{"line":27,"column":23},"end":{"line":27,"column":31}},"15":{"start":{"line":28,"column":24},"end":{"line":31,"column":7}},"16":{"start":{"line":34,"column":6},"end":{"line":34,"column":60}},"17":{"start":{"line":36,"column":6},"end":{"line":36,"column":50}},"18":{"start":{"line":38,"column":6},"end":{"line":38,"column":49}},"19":{"start":{"line":39,"column":27},"end":{"line":39,"column":98}},"20":{"start":{"line":40,"column":6},"end":{"line":40,"column":41}},"21":{"start":{"line":42,"column":6},"end":{"line":42,"column":29}},"22":{"start":{"line":46,"column":2},"end":{"line":86,"column":4}}},"fnMap":{"0":{"name":"(anonymous_0)","decl":{"start":{"line":8,"column":29},"end":{"line":8,"column":30}},"loc":{"start":{"line":8,"column":35},"end":{"line":87,"column":1}},"line":8},"1":{"name":"(anonymous_1)","decl":{"start":{"line":14,"column":23},"end":{"line":14,"column":24}},"loc":{"start":{"line":14,"column":35},"end":{"line":44,"column":3}},"line":14}},"branchMap":{"0":{"loc":{"start":{"line":15,"column":4},"end":{"line":18,"column":5}},"type":"if","locations":[{"start":{"line":15,"column":4},"end":{"line":18,"column":5}},{"start":{},"end":{}}],"line":15},"1":{"loc":{"start":{"line":15,"column":8},"end":{"line":15,"column":26}},"type":"binary-expr","locations":[{"start":{"line":15,"column":8},"end":{"line":15,"column":13}},{"start":{"line":15,"column":17},"end":{"line":15,"column":26}}],"line":15},"2":{"loc":{"start":{"line":20,"column":4},"end":{"line":23,"column":5}},"type":"if","locations":[{"start":{"line":20,"column":4},"end":{"line":23,"column":5}},{"start":{},"end":{}}],"line":20},"3":{"loc":{"start":{"line":20,"column":8},"end":{"line":20,"column":39}},"type":"binary-expr","locations":[{"start":{"line":20,"column":8},"end":{"line":20,"column":16}},{"start":{"line":20,"column":20},"end":{"line":20,"column":39}}],"line":20},"4":{"loc":{"start":{"line":39,"column":27},"end":{"line":39,"column":98}},"type":"cond-expr","locations":[{"start":{"line":39,"column":52},"end":{"line":39,"column":65}},{"start":{"line":39,"column":68},"end":{"line":39,"column":98}}],"line":39}},"s":{"0":0,"1":0,"2":0,"3":0,"4":0,"5":0,"6":0,"7":0,"8":0,"9":0,"10":0,"11":0,"12":0,"13":0,"14":0,"15":0,"16":0,"17":0,"18":0,"19":0,"20":0,"21":0,"22":0},"f":{"0":0,"1":0},"b":{"0":[0,0],"1":[0,0],"2":[0,0],"3":[0,0],"4":[0,0]}}
,"C:\\Users\\zakar\\Desktop\\EmoPath.01\\app\\(registrations)\\ParentingChallenges.tsx": {"path":"C:\\Users\\zakar\\Desktop\\EmoPath.01\\app\\(registrations)\\ParentingChallenges.tsx","statementMap":{"0":{"start":{"line":12,"column":28},"end":{"line":101,"column":1}},"1":{"start":{"line":14,"column":56},"end":{"line":14,"column":68}},"2":{"start":{"line":15,"column":46},"end":{"line":15,"column":58}},"3":{"start":{"line":16,"column":28},"end":{"line":16,"column":46}},"4":{"start":{"line":17,"column":42},"end":{"line":17,"column":57}},"5":{"start":{"line":22,"column":23},"end":{"line":55,"column":3}},"6":{"start":{"line":23,"column":4},"end":{"line":26,"column":5}},"7":{"start":{"line":24,"column":6},"end":{"line":24,"column":50}},"8":{"start":{"line":25,"column":6},"end":{"line":25,"column":13}},"9":{"start":{"line":28,"column":4},"end":{"line":31,"column":5}},"10":{"start":{"line":29,"column":6},"end":{"line":29,"column":78}},"11":{"start":{"line":30,"column":6},"end":{"line":30,"column":13}},"12":{"start":{"line":33,"column":4},"end":{"line":54,"column":5}},"13":{"start":{"line":34,"column":6},"end":{"line":34,"column":28}},"14":{"start":{"line":35,"column":26},"end":{"line":39,"column":7}},"15":{"start":{"line":41,"column":6},"end":{"line":41,"column":86}},"16":{"start":{"line":42,"column":6},"end":{"line":42,"column":76}},"17":{"start":{"line":44,"column":6},"end":{"line":44,"column":27}},"18":{"start":{"line":45,"column":6},"end":{"line":45,"column":63}},"19":{"start":{"line":46,"column":6},"end":{"line":46,"column":45}},"20":{"start":{"line":48,"column":6},"end":{"line":48,"column":49}},"21":{"start":{"line":49,"column":27},"end":{"line":49,"column":98}},"22":{"start":{"line":50,"column":6},"end":{"line":50,"column":41}},"23":{"start":{"line":53,"column":6},"end":{"line":53,"column":29}},"24":{"start":{"line":57,"column":2},"end":{"line":100,"column":4}}},"fnMap":{"0":{"name":"(anonymous_0)","decl":{"start":{"line":12,"column":28},"end":{"line":12,"column":29}},"loc":{"start":{"line":12,"column":34},"end":{"line":101,"column":1}},"line":12},"1":{"name":"(anonymous_1)","decl":{"start":{"line":22,"column":23},"end":{"line":22,"column":24}},"loc":{"start":{"line":22,"column":35},"end":{"line":55,"column":3}},"line":22}},"branchMap":{"0":{"loc":{"start":{"line":23,"column":4},"end":{"line":26,"column":5}},"type":"if","locations":[{"start":{"line":23,"column":4},"end":{"line":26,"column":5}},{"start":{},"end":{}}],"line":23},"1":{"loc":{"start":{"line":23,"column":8},"end":{"line":23,"column":26}},"type":"binary-expr","locations":[{"start":{"line":23,"column":8},"end":{"line":23,"column":13}},{"start":{"line":23,"column":17},"end":{"line":23,"column":26}}],"line":23},"2":{"loc":{"start":{"line":28,"column":4},"end":{"line":31,"column":5}},"type":"if","locations":[{"start":{"line":28,"column":4},"end":{"line":31,"column":5}},{"start":{},"end":{}}],"line":28},"3":{"loc":{"start":{"line":28,"column":8},"end":{"line":28,"column":47}},"type":"binary-expr","locations":[{"start":{"line":28,"column":8},"end":{"line":28,"column":28}},{"start":{"line":28,"column":32},"end":{"line":28,"column":47}}],"line":28},"4":{"loc":{"start":{"line":49,"column":27},"end":{"line":49,"column":98}},"type":"cond-expr","locations":[{"start":{"line":49,"column":52},"end":{"line":49,"column":65}},{"start":{"line":49,"column":68},"end":{"line":49,"column":98}}],"line":49}},"s":{"0":0,"1":0,"2":0,"3":0,"4":0,"5":0,"6":0,"7":0,"8":0,"9":0,"10":0,"11":0,"12":0,"13":0,"14":0,"15":0,"16":0,"17":0,"18":0,"19":0,"20":0,"21":0,"22":0,"23":0,"24":0},"f":{"0":0,"1":0},"b":{"0":[0,0],"1":[0,0],"2":[0,0],"3":[0,0],"4":[0,0]}}
,"C:\\Users\\zakar\\Desktop\\EmoPath.01\\app\\(registrations)\\Parenting_Communication_Style.tsx": {"path":"C:\\Users\\zakar\\Desktop\\EmoPath.01\\app\\(registrations)\\Parenting_Communication_Style.tsx","statementMap":{"0":{"start":{"line":9,"column":38},"end":{"line":160,"column":1}},"1":{"start":{"line":10,"column":19},"end":{"line":10,"column":37}},"2":{"start":{"line":11,"column":48},"end":{"line":11,"column":70}},"3":{"start":{"line":12,"column":48},"end":{"line":12,"column":70}},"4":{"start":{"line":13,"column":71},"end":{"line":13,"column":83}},"5":{"start":{"line":14,"column":42},"end":{"line":14,"column":57}},"6":{"start":{"line":17,"column":22},"end":{"line":22,"column":3}},"7":{"start":{"line":24,"column":23},"end":{"line":30,"column":3}},"8":{"start":{"line":33,"column":28},"end":{"line":61,"column":3}},"9":{"start":{"line":34,"column":4},"end":{"line":60,"column":5}},"10":{"start":{"line":35,"column":6},"end":{"line":45,"column":7}},"11":{"start":{"line":37,"column":8},"end":{"line":37,"column":75}},"12":{"start":{"line":37,"column":58},"end":{"line":37,"column":72}},"13":{"start":{"line":40,"column":8},"end":{"line":44,"column":9}},"14":{"start":{"line":41,"column":10},"end":{"line":41,"column":58}},"15":{"start":{"line":43,"column":10},"end":{"line":43,"column":81}},"16":{"start":{"line":46,"column":11},"end":{"line":60,"column":5}},"17":{"start":{"line":47,"column":6},"end":{"line":59,"column":7}},"18":{"start":{"line":49,"column":8},"end":{"line":49,"column":75}},"19":{"start":{"line":49,"column":58},"end":{"line":49,"column":72}},"20":{"start":{"line":52,"column":8},"end":{"line":58,"column":9}},"21":{"start":{"line":55,"column":10},"end":{"line":55,"column":58}},"22":{"start":{"line":57,"column":10},"end":{"line":57,"column":81}},"23":{"start":{"line":65,"column":22},"end":{"line":99,"column":3}},"24":{"start":{"line":66,"column":4},"end":{"line":69,"column":5}},"25":{"start":{"line":67,"column":4},"end":{"line":67,"column":48}},"26":{"start":{"line":68,"column":4},"end":{"line":68,"column":11}},"27":{"start":{"line":71,"column":4},"end":{"line":74,"column":5}},"28":{"start":{"line":72,"column":6},"end":{"line":72,"column":83}},"29":{"start":{"line":73,"column":6},"end":{"line":73,"column":13}},"30":{"start":{"line":76,"column":6},"end":{"line":76,"column":28}},"31":{"start":{"line":77,"column":23},"end":{"line":77,"column":31}},"32":{"start":{"line":78,"column":24},"end":{"line":84,"column":9}},"33":{"start":{"line":87,"column":4},"end":{"line":98,"column":5}},"34":{"start":{"line":89,"column":6},"end":{"line":89,"column":60}},"35":{"start":{"line":91,"column":6},"end":{"line":91,"column":42}},"36":{"start":{"line":93,"column":22},"end":{"line":93,"column":90}},"37":{"start":{"line":94,"column":6},"end":{"line":94,"column":36}},"38":{"start":{"line":97,"column":6},"end":{"line":97,"column":29}},"39":{"start":{"line":101,"column":2},"end":{"line":159,"column":4}}},"fnMap":{"0":{"name":"(anonymous_0)","decl":{"start":{"line":9,"column":38},"end":{"line":9,"column":39}},"loc":{"start":{"line":9,"column":44},"end":{"line":160,"column":1}},"line":9},"1":{"name":"(anonymous_1)","decl":{"start":{"line":33,"column":28},"end":{"line":33,"column":29}},"loc":{"start":{"line":33,"column":65},"end":{"line":61,"column":3}},"line":33},"2":{"name":"(anonymous_2)","decl":{"start":{"line":37,"column":50},"end":{"line":37,"column":51}},"loc":{"start":{"line":37,"column":58},"end":{"line":37,"column":72}},"line":37},"3":{"name":"(anonymous_3)","decl":{"start":{"line":49,"column":50},"end":{"line":49,"column":51}},"loc":{"start":{"line":49,"column":58},"end":{"line":49,"column":72}},"line":49},"4":{"name":"(anonymous_4)","decl":{"start":{"line":65,"column":22},"end":{"line":65,"column":23}},"loc":{"start":{"line":65,"column":34},"end":{"line":99,"column":3}},"line":65}},"branchMap":{"0":{"loc":{"start":{"line":34,"column":4},"end":{"line":60,"column":5}},"type":"if","locations":[{"start":{"line":34,"column":4},"end":{"line":60,"column":5}},{"start":{"line":46,"column":11},"end":{"line":60,"column":5}}],"line":34},"1":{"loc":{"start":{"line":35,"column":6},"end":{"line":45,"column":7}},"type":"if","locations":[{"start":{"line":35,"column":6},"end":{"line":45,"column":7}},{"start":{"line":38,"column":13},"end":{"line":45,"column":7}}],"line":35},"2":{"loc":{"start":{"line":40,"column":8},"end":{"line":44,"column":9}},"type":"if","locations":[{"start":{"line":40,"column":8},"end":{"line":44,"column":9}},{"start":{"line":42,"column":15},"end":{"line":44,"column":9}}],"line":40},"3":{"loc":{"start":{"line":46,"column":11},"end":{"line":60,"column":5}},"type":"if","locations":[{"start":{"line":46,"column":11},"end":{"line":60,"column":5}},{"start":{},"end":{}}],"line":46},"4":{"loc":{"start":{"line":47,"column":6},"end":{"line":59,"column":7}},"type":"if","locations":[{"start":{"line":47,"column":6},"end":{"line":59,"column":7}},{"start":{"line":50,"column":13},"end":{"line":59,"column":7}}],"line":47},"5":{"loc":{"start":{"line":52,"column":8},"end":{"line":58,"column":9}},"type":"if","locations":[{"start":{"line":52,"column":8},"end":{"line":58,"column":9}},{"start":{"line":56,"column":15},"end":{"line":58,"column":9}}],"line":52},"6":{"loc":{"start":{"line":66,"column":4},"end":{"line":69,"column":5}},"type":"if","locations":[{"start":{"line":66,"column":4},"end":{"line":69,"column":5}},{"start":{},"end":{}}],"line":66},"7":{"loc":{"start":{"line":66,"column":8},"end":{"line":66,"column":26}},"type":"binary-expr","locations":[{"start":{"line":66,"column":8},"end":{"line":66,"column":13}},{"start":{"line":66,"column":17},"end":{"line":66,"column":26}}],"line":66},"8":{"loc":{"start":{"line":71,"column":4},"end":{"line":74,"column":5}},"type":"if","locations":[{"start":{"line":71,"column":4},"end":{"line":74,"column":5}},{"start":{},"end":{}}],"line":71},"9":{"loc":{"start":{"line":71,"column":8},"end":{"line":71,"column":64}},"type":"binary-expr","locations":[{"start":{"line":71,"column":8},"end":{"line":71,"column":34}},{"start":{"line":71,"column":38},"end":{"line":71,"column":64}}],"line":71},"10":{"loc":{"start":{"line":93,"column":22},"end":{"line":93,"column":90}},"type":"cond-expr","locations":[{"start":{"line":93,"column":47},"end":{"line":93,"column":60}},{"start":{"line":93,"column":63},"end":{"line":93,"column":90}}],"line":93}},"s":{"0":0,"1":0,"2":0,"3":0,"4":0,"5":0,"6":0,"7":0,"8":0,"9":0,"10":0,"11":0,"12":0,"13":0,"14":0,"15":0,"16":0,"17":0,"18":0,"19":0,"20":0,"21":0,"22":0,"23":0,"24":0,"25":0,"26":0,"27":0,"28":0,"29":0,"30":0,"31":0,"32":0,"33":0,"34":0,"35":0,"36":0,"37":0,"38":0,"39":0},"f":{"0":0,"1":0,"2":0,"3":0,"4":0},"b":{"0":[0,0],"1":[0,0],"2":[0,0],"3":[0,0],"4":[0,0],"5":[0,0],"6":[0,0],"7":[0,0],"8":[0,0],"9":[0,0],"10":[0,0]}}
,"C:\\Users\\zakar\\Desktop\\EmoPath.01\\app\\(registrations)\\PersonalityTemperament.tsx": {"path":"C:\\Users\\zakar\\Desktop\\EmoPath.01\\app\\(registrations)\\PersonalityTemperament.tsx","statementMap":{"0":{"start":{"line":9,"column":31},"end":{"line":102,"column":1}},"1":{"start":{"line":10,"column":52},"end":{"line":10,"column":64}},"2":{"start":{"line":11,"column":48},"end":{"line":11,"column":60}},"3":{"start":{"line":12,"column":56},"end":{"line":12,"column":68}},"4":{"start":{"line":13,"column":21},"end":{"line":13,"column":39}},"5":{"start":{"line":14,"column":44},"end":{"line":14,"column":59}},"6":{"start":{"line":16,"column":25},"end":{"line":47,"column":5}},"7":{"start":{"line":17,"column":6},"end":{"line":20,"column":7}},"8":{"start":{"line":18,"column":8},"end":{"line":18,"column":52}},"9":{"start":{"line":19,"column":8},"end":{"line":19,"column":15}},"10":{"start":{"line":22,"column":6},"end":{"line":25,"column":7}},"11":{"start":{"line":23,"column":8},"end":{"line":23,"column":59}},"12":{"start":{"line":24,"column":8},"end":{"line":24,"column":15}},"13":{"start":{"line":27,"column":6},"end":{"line":46,"column":7}},"14":{"start":{"line":28,"column":8},"end":{"line":28,"column":30}},"15":{"start":{"line":29,"column":25},"end":{"line":29,"column":33}},"16":{"start":{"line":30,"column":26},"end":{"line":34,"column":9}},"17":{"start":{"line":37,"column":8},"end":{"line":37,"column":62}},"18":{"start":{"line":39,"column":8},"end":{"line":39,"column":45}},"19":{"start":{"line":41,"column":8},"end":{"line":41,"column":51}},"20":{"start":{"line":42,"column":29},"end":{"line":42,"column":100}},"21":{"start":{"line":43,"column":8},"end":{"line":43,"column":43}},"22":{"start":{"line":45,"column":8},"end":{"line":45,"column":31}},"23":{"start":{"line":49,"column":2},"end":{"line":101,"column":4}}},"fnMap":{"0":{"name":"(anonymous_0)","decl":{"start":{"line":9,"column":31},"end":{"line":9,"column":32}},"loc":{"start":{"line":9,"column":37},"end":{"line":102,"column":1}},"line":9},"1":{"name":"(anonymous_1)","decl":{"start":{"line":16,"column":25},"end":{"line":16,"column":26}},"loc":{"start":{"line":16,"column":37},"end":{"line":47,"column":5}},"line":16}},"branchMap":{"0":{"loc":{"start":{"line":17,"column":6},"end":{"line":20,"column":7}},"type":"if","locations":[{"start":{"line":17,"column":6},"end":{"line":20,"column":7}},{"start":{},"end":{}}],"line":17},"1":{"loc":{"start":{"line":17,"column":10},"end":{"line":17,"column":28}},"type":"binary-expr","locations":[{"start":{"line":17,"column":10},"end":{"line":17,"column":15}},{"start":{"line":17,"column":19},"end":{"line":17,"column":28}}],"line":17},"2":{"loc":{"start":{"line":22,"column":6},"end":{"line":25,"column":7}},"type":"if","locations":[{"start":{"line":22,"column":6},"end":{"line":25,"column":7}},{"start":{},"end":{}}],"line":22},"3":{"loc":{"start":{"line":22,"column":10},"end":{"line":22,"column":69}},"type":"binary-expr","locations":[{"start":{"line":22,"column":10},"end":{"line":22,"column":27}},{"start":{"line":22,"column":31},"end":{"line":22,"column":46}},{"start":{"line":22,"column":50},"end":{"line":22,"column":69}}],"line":22},"4":{"loc":{"start":{"line":42,"column":29},"end":{"line":42,"column":100}},"type":"cond-expr","locations":[{"start":{"line":42,"column":54},"end":{"line":42,"column":67}},{"start":{"line":42,"column":70},"end":{"line":42,"column":100}}],"line":42}},"s":{"0":0,"1":0,"2":0,"3":0,"4":0,"5":0,"6":0,"7":0,"8":0,"9":0,"10":0,"11":0,"12":0,"13":0,"14":0,"15":0,"16":0,"17":0,"18":0,"19":0,"20":0,"21":0,"22":0,"23":0},"f":{"0":0,"1":0},"b":{"0":[0,0],"1":[0,0],"2":[0,0],"3":[0,0,0],"4":[0,0]}}
,"C:\\Users\\zakar\\Desktop\\EmoPath.01\\app\\(registrations)\\Privacy.tsx": {"path":"C:\\Users\\zakar\\Desktop\\EmoPath.01\\app\\(registrations)\\Privacy.tsx","statementMap":{"0":{"start":{"line":7,"column":16},"end":{"line":122,"column":1}},"1":{"start":{"line":8,"column":38},"end":{"line":8,"column":53}},"2":{"start":{"line":10,"column":2},"end":{"line":121,"column":4}},"3":{"start":{"line":48,"column":49},"end":{"line":48,"column":68}},"4":{"start":{"line":100,"column":45},"end":{"line":100,"column":65}},"5":{"start":{"line":111,"column":33},"end":{"line":111,"column":62}}},"fnMap":{"0":{"name":"(anonymous_0)","decl":{"start":{"line":7,"column":16},"end":{"line":7,"column":17}},"loc":{"start":{"line":7,"column":22},"end":{"line":122,"column":1}},"line":7},"1":{"name":"(anonymous_1)","decl":{"start":{"line":48,"column":43},"end":{"line":48,"column":44}},"loc":{"start":{"line":48,"column":49},"end":{"line":48,"column":68}},"line":48},"2":{"name":"(anonymous_2)","decl":{"start":{"line":100,"column":39},"end":{"line":100,"column":40}},"loc":{"start":{"line":100,"column":45},"end":{"line":100,"column":65}},"line":100},"3":{"name":"(anonymous_3)","decl":{"start":{"line":111,"column":27},"end":{"line":111,"column":28}},"loc":{"start":{"line":111,"column":33},"end":{"line":111,"column":62}},"line":111}},"branchMap":{"0":{"loc":{"start":{"line":41,"column":13},"end":{"line":52,"column":13}},"type":"binary-expr","locations":[{"start":{"line":41,"column":13},"end":{"line":41,"column":24}},{"start":{"line":42,"column":14},"end":{"line":51,"column":21}}],"line":41},"1":{"loc":{"start":{"line":57,"column":9},"end":{"line":104,"column":9}},"type":"binary-expr","locations":[{"start":{"line":57,"column":9},"end":{"line":57,"column":19}},{"start":{"line":58,"column":10},"end":{"line":103,"column":17}}],"line":57},"2":{"loc":{"start":{"line":107,"column":9},"end":{"line":118,"column":9}},"type":"binary-expr","locations":[{"start":{"line":107,"column":9},"end":{"line":107,"column":20}},{"start":{"line":108,"column":10},"end":{"line":117,"column":17}}],"line":107}},"s":{"0":0,"1":0,"2":0,"3":0,"4":0,"5":0},"f":{"0":0,"1":0,"2":0,"3":0},"b":{"0":[0,0],"1":[0,0],"2":[0,0]}}
,"C:\\Users\\zakar\\Desktop\\EmoPath.01\\app\\(registrations)\\_layout.tsx": {"path":"C:\\Users\\zakar\\Desktop\\EmoPath.01\\app\\(registrations)\\_layout.tsx","statementMap":{"0":{"start":{"line":4,"column":28},"end":{"line":116,"column":1}},"1":{"start":{"line":5,"column":2},"end":{"line":115,"column":3}}},"fnMap":{"0":{"name":"(anonymous_0)","decl":{"start":{"line":4,"column":28},"end":{"line":4,"column":29}},"loc":{"start":{"line":4,"column":34},"end":{"line":116,"column":1}},"line":4}},"branchMap":{},"s":{"0":0,"1":0},"f":{"0":0},"b":{}}
,"C:\\Users\\zakar\\Desktop\\EmoPath.01\\app\\(registrations)\\feedback_approach_preferences.tsx": {"path":"C:\\Users\\zakar\\Desktop\\EmoPath.01\\app\\(registrations)\\feedback_approach_preferences.tsx","statementMap":{"0":{"start":{"line":8,"column":38},"end":{"line":88,"column":1}},"1":{"start":{"line":9,"column":74},"end":{"line":9,"column":86}},"2":{"start":{"line":10,"column":64},"end":{"line":10,"column":76}},"3":{"start":{"line":11,"column":19},"end":{"line":11,"column":37}},"4":{"start":{"line":12,"column":42},"end":{"line":12,"column":57}},"5":{"start":{"line":14,"column":23},"end":{"line":44,"column":3}},"6":{"start":{"line":15,"column":4},"end":{"line":18,"column":5}},"7":{"start":{"line":16,"column":6},"end":{"line":16,"column":50}},"8":{"start":{"line":17,"column":6},"end":{"line":17,"column":13}},"9":{"start":{"line":20,"column":4},"end":{"line":23,"column":5}},"10":{"start":{"line":21,"column":6},"end":{"line":21,"column":57}},"11":{"start":{"line":22,"column":6},"end":{"line":22,"column":13}},"12":{"start":{"line":25,"column":4},"end":{"line":43,"column":5}},"13":{"start":{"line":26,"column":6},"end":{"line":26,"column":28}},"14":{"start":{"line":27,"column":23},"end":{"line":27,"column":31}},"15":{"start":{"line":28,"column":24},"end":{"line":31,"column":7}},"16":{"start":{"line":34,"column":6},"end":{"line":34,"column":60}},"17":{"start":{"line":36,"column":6},"end":{"line":36,"column":34}},"18":{"start":{"line":38,"column":6},"end":{"line":38,"column":49}},"19":{"start":{"line":39,"column":27},"end":{"line":39,"column":98}},"20":{"start":{"line":40,"column":6},"end":{"line":40,"column":41}},"21":{"start":{"line":42,"column":6},"end":{"line":42,"column":29}},"22":{"start":{"line":46,"column":2},"end":{"line":87,"column":4}}},"fnMap":{"0":{"name":"(anonymous_0)","decl":{"start":{"line":8,"column":38},"end":{"line":8,"column":39}},"loc":{"start":{"line":8,"column":44},"end":{"line":88,"column":1}},"line":8},"1":{"name":"(anonymous_1)","decl":{"start":{"line":14,"column":23},"end":{"line":14,"column":24}},"loc":{"start":{"line":14,"column":35},"end":{"line":44,"column":3}},"line":14}},"branchMap":{"0":{"loc":{"start":{"line":15,"column":4},"end":{"line":18,"column":5}},"type":"if","locations":[{"start":{"line":15,"column":4},"end":{"line":18,"column":5}},{"start":{},"end":{}}],"line":15},"1":{"loc":{"start":{"line":15,"column":8},"end":{"line":15,"column":26}},"type":"binary-expr","locations":[{"start":{"line":15,"column":8},"end":{"line":15,"column":13}},{"start":{"line":15,"column":17},"end":{"line":15,"column":26}}],"line":15},"2":{"loc":{"start":{"line":20,"column":4},"end":{"line":23,"column":5}},"type":"if","locations":[{"start":{"line":20,"column":4},"end":{"line":23,"column":5}},{"start":{},"end":{}}],"line":20},"3":{"loc":{"start":{"line":20,"column":8},"end":{"line":20,"column":65}},"type":"binary-expr","locations":[{"start":{"line":20,"column":8},"end":{"line":20,"column":37}},{"start":{"line":20,"column":41},"end":{"line":20,"column":65}}],"line":20},"4":{"loc":{"start":{"line":39,"column":27},"end":{"line":39,"column":98}},"type":"cond-expr","locations":[{"start":{"line":39,"column":52},"end":{"line":39,"column":65}},{"start":{"line":39,"column":68},"end":{"line":39,"column":98}}],"line":39}},"s":{"0":0,"1":0,"2":0,"3":0,"4":0,"5":0,"6":0,"7":0,"8":0,"9":0,"10":0,"11":0,"12":0,"13":0,"14":0,"15":0,"16":0,"17":0,"18":0,"19":0,"20":0,"21":0,"22":0},"f":{"0":0,"1":0},"b":{"0":[0,0],"1":[0,0],"2":[0,0],"3":[0,0],"4":[0,0]}}
[...]
2,"column":59}},"137":{"start":{"line":413,"column":8},"end":{"line":413,"column":44}},"138":{"start":{"line":414,"column":8},"end":{"line":414,"column":25}},"139":{"start":{"line":417,"column":8},"end":{"line":417,"column":92}},"140":{"start":{"line":420,"column":6},"end":{"line":420,"column":41}},"141":{"start":{"line":422,"column":23},"end":{"line":422,"column":32}},"142":{"start":{"line":424,"column":6},"end":{"line":429,"column":9}},"143":{"start":{"line":432,"column":23},"end":{"line":437,"column":7}},"144":{"start":{"line":441,"column":13},"end":{"line":445,"column":5}},"145":{"start":{"line":447,"column":4},"end":{"line":447,"column":55}},"146":{"start":{"line":450,"column":4},"end":{"line":450,"column":20}},"147":{"start":{"line":452,"column":4},"end":{"line":455,"column":7}},"148":{"start":{"line":456,"column":25},"end":{"line":456,"column":90}},"149":{"start":{"line":457,"column":4},"end":{"line":457,"column":122}},"150":{"start":{"line":466,"column":51},"end":{"line":506,"column":1}},"151":{"start":{"line":467,"column":2},"end":{"line":505,"column":3}},"152":{"start":{"line":469,"column":28},"end":{"line":473,"column":5}},"153":{"start":{"line":475,"column":4},"end":{"line":477,"column":5}},"154":{"start":{"line":476,"column":6},"end":{"line":476,"column":72}},"155":{"start":{"line":479,"column":27},"end":{"line":479,"column":55}},"156":{"start":{"line":482,"column":24},"end":{"line":482,"column":53}},"157":{"start":{"line":485,"column":25},"end":{"line":495,"column":10}},"158":{"start":{"line":488,"column":12},"end":{"line":492,"column":13}},"159":{"start":{"line":498,"column":4},"end":{"line":501,"column":6}},"160":{"start":{"line":503,"column":4},"end":{"line":503,"column":74}},"161":{"start":{"line":504,"column":4},"end":{"line":504,"column":42}}},"fnMap":{"0":{"name":"createUser","decl":{"start":{"line":46,"column":24},"end":{"line":46,"column":34}},"loc":{"start":{"line":46,"column":121},"end":{"line":85,"column":3}},"line":46},"1":{"name":"getAccount","decl":{"start":{"line":87,"column":24},"end":{"line":87,"column":34}},"loc":{"start":{"line":87,"column":37},"end":{"line":100,"column":3}},"line":87},"2":{"name":"signIn","decl":{"start":{"line":103,"column":22},"end":{"line":103,"column":28}},"loc":{"start":{"line":103,"column":85},"end":{"line":114,"column":3}},"line":103},"3":{"name":"login","decl":{"start":{"line":116,"column":24},"end":{"line":116,"column":29}},"loc":{"start":{"line":116,"column":32},"end":{"line":146,"column":3}},"line":116},"4":{"name":"logout","decl":{"start":{"line":148,"column":24},"end":{"line":148,"column":30}},"loc":{"start":{"line":148,"column":33},"end":{"line":156,"column":3}},"line":148},"5":{"name":"getCurrentUser","decl":{"start":{"line":158,"column":24},"end":{"line":158,"column":38}},"loc":{"start":{"line":158,"column":41},"end":{"line":175,"column":3}},"line":158},"6":{"name":"(anonymous_6)","decl":{"start":{"line":179,"column":35},"end":{"line":179,"column":36}},"loc":{"start":{"line":179,"column":99},"end":{"line":217,"column":1}},"line":179},"7":{"name":"getLatestProperties","decl":{"start":{"line":219,"column":24},"end":{"line":219,"column":43}},"loc":{"start":{"line":219,"column":46},"end":{"line":232,"column":3}},"line":219},"8":{"name":"getProperties","decl":{"start":{"line":234,"column":24},"end":{"line":234,"column":37}},"loc":{"start":{"line":242,"column":5},"end":{"line":271,"column":3}},"line":242},"9":{"name":"getPropertyById","decl":{"start":{"line":274,"column":24},"end":{"line":274,"column":39}},"loc":{"start":{"line":274,"column":64},"end":{"line":286,"column":3}},"line":274},"10":{"name":"(anonymous_10)","decl":{"start":{"line":289,"column":38},"end":{"line":289,"column":39}},"loc":{"start":{"line":293,"column":7},"end":{"line":360,"column":3}},"line":293},"11":{"name":"uploadAvatar","decl":{"start":{"line":363,"column":24},"end":{"line":363,"column":36}},"loc":{"start":{"line":363,"column":99},"end":{"line":461,"column":1}},"line":363},"12":{"name":"(anonymous_12)","decl":{"start":{"line":466,"column":51},"end":{"line":466,"column":52}},"loc":{"start":{"line":466,"column":78},"end":{"line":506,"column":1}},"line":466},"13":{"name":"(anonymous_13)","decl":{"start":{"line":487,"column":26},"end":{"line":487,"column":27}},"loc":{"start":{"line":488,"column":12},"end":{"line":492,"column":13}},"line":488}},"branchMap":{"0":{"loc":{"start":{"line":50,"column":6},"end":{"line":50,"column":71}},"type":"if","locations":[{"start":{"line":50,"column":6},"end":{"line":50,"column":71}},{"start":{},"end":{}}],"line":50},"1":{"loc":{"start":{"line":79,"column":27},"end":{"line":79,"column":66}},"type":"binary-expr","locations":[{"start":{"line":79,"column":27},"end":{"line":79,"column":41}},{"start":{"line":79,"column":45},"end":{"line":79,"column":66}}],"line":79},"2":{"loc":{"start":{"line":94,"column":27},"end":{"line":94,"column":66}},"type":"binary-expr","locations":[{"start":{"line":94,"column":27},"end":{"line":94,"column":41}},{"start":{"line":94,"column":45},"end":{"line":94,"column":66}}],"line":94},"3":{"loc":{"start":{"line":108,"column":27},"end":{"line":108,"column":66}},"type":"binary-expr","locations":[{"start":{"line":108,"column":27},"end":{"line":108,"column":41}},{"start":{"line":108,"column":45},"end":{"line":108,"column":66}}],"line":108},"4":{"loc":{"start":{"line":124,"column":6},"end":{"line":124,"column":67}},"type":"if","locations":[{"start":{"line":124,"column":6},"end":{"line":124,"column":67}},{"start":{},"end":{}}],"line":124},"5":{"loc":{"start":{"line":130,"column":6},"end":{"line":131,"column":66}},"type":"if","locations":[{"start":{"line":130,"column":6},"end":{"line":131,"column":66}},{"start":{},"end":{}}],"line":130},"6":{"loc":{"start":{"line":136,"column":6},"end":{"line":136,"column":96}},"type":"if","locations":[{"start":{"line":136,"column":6},"end":{"line":136,"column":96}},{"start":{},"end":{}}],"line":136},"7":{"loc":{"start":{"line":136,"column":10},"end":{"line":136,"column":28}},"type":"binary-expr","locations":[{"start":{"line":136,"column":10},"end":{"line":136,"column":17}},{"start":{"line":136,"column":21},"end":{"line":136,"column":28}}],"line":136},"8":{"loc":{"start":{"line":139,"column":6},"end":{"line":139,"column":64}},"type":"if","locations":[{"start":{"line":139,"column":6},"end":{"line":139,"column":64}},{"start":{},"end":{}}],"line":139},"9":{"loc":{"start":{"line":161,"column":6},"end":{"line":168,"column":7}},"type":"if","locations":[{"start":{"line":161,"column":6},"end":{"line":168,"column":7}},{"start":{},"end":{}}],"line":161},"10":{"loc":{"start":{"line":193,"column":4},"end":{"line":213,"column":5}},"type":"if","locations":[{"start":{"line":193,"column":4},"end":{"line":213,"column":5}},{"start":{"line":202,"column":11},"end":{"line":213,"column":5}}],"line":193},"11":{"loc":{"start":{"line":246,"column":6},"end":{"line":247,"column":53}},"type":"if","locations":[{"start":{"line":246,"column":6},"end":{"line":247,"column":53}},{"start":{},"end":{}}],"line":246},"12":{"loc":{"start":{"line":246,"column":10},"end":{"line":246,"column":36}},"type":"binary-expr","locations":[{"start":{"line":246,"column":10},"end":{"line":246,"column":16}},{"start":{"line":246,"column":20},"end":{"line":246,"column":36}}],"line":246},"13":{"loc":{"start":{"line":249,"column":6},"end":{"line":256,"column":10}},"type":"if","locations":[{"start":{"line":249,"column":6},"end":{"line":256,"column":10}},{"start":{},"end":{}}],"line":249},"14":{"loc":{"start":{"line":258,"column":6},"end":{"line":258,"column":53}},"type":"if","locations":[{"start":{"line":258,"column":6},"end":{"line":258,"column":53}},{"start":{},"end":{}}],"line":258},"15":{"loc":{"start":{"line":297,"column":6},"end":{"line":307,"column":7}},"type":"if","locations":[{"start":{"line":297,"column":6},"end":{"line":307,"column":7}},{"start":{},"end":{}}],"line":297},"16":{"loc":{"start":{"line":304,"column":8},"end":{"line":306,"column":9}},"type":"if","locations":[{"start":{"line":304,"column":8},"end":{"line":306,"column":9}},{"start":{},"end":{}}],"line":304},"17":{"loc":{"start":{"line":309,"column":6},"end":{"line":330,"column":7}},"type":"if","locations":[{"start":{"line":309,"column":6},"end":{"line":330,"column":7}},{"start":{"line":318,"column":13},"end":{"line":330,"column":7}}],"line":309},"18":{"loc":{"start":{"line":339,"column":6},"end":{"line":356,"column":7}},"type":"if","locations":[{"start":{"line":339,"column":6},"end":{"line":356,"column":7}},{"start":{},"end":{}}],"line":339},"19":{"loc":{"start":{"line":343,"column":28},"end":{"line":343,"column":57}},"type":"binary-expr","locations":[{"start":{"line":343,"column":28},"end":{"line":343,"column":51}},{"start":{"line":343,"column":55},"end":{"line":343,"column":57}}],"line":343},"20":{"loc":{"start":{"line":346,"column":8},"end":{"line":355,"column":9}},"type":"if","locations":[{"start":{"line":346,"column":8},"end":{"line":355,"column":9}},{"start":{},"end":{}}],"line":346},"21":{"loc":{"start":{"line":373,"column":6},"end":{"line":418,"column":7}},"type":"if","locations":[{"start":{"line":373,"column":6},"end":{"line":418,"column":7}},{"start":{"line":385,"column":11},"end":{"line":418,"column":7}}],"line":373},"22":{"loc":{"start":{"line":373,"column":10},"end":{"line":373,"column":50}},"type":"binary-expr","locations":[{"start":{"line":373,"column":10},"end":{"line":373,"column":36}},{"start":{"line":373,"column":40},"end":{"line":373,"column":50}}],"line":373},"23":{"loc":{"start":{"line":376,"column":8},"end":{"line":378,"column":9}},"type":"if","locations":[{"start":{"line":376,"column":8},"end":{"line":378,"column":9}},{"start":{},"end":{}}],"line":376},"24":{"loc":{"start":{"line":380,"column":19},"end":{"line":380,"column":46}},"type":"binary-expr","locations":[{"start":{"line":380,"column":19},"end":{"line":380,"column":30}},{"start":{"line":380,"column":34},"end":{"line":380,"column":46}}],"line":380},"25":{"loc":{"start":{"line":381,"column":19},"end":{"line":381,"column":45}},"type":"binary-expr","locations":[{"start":{"line":381,"column":19},"end":{"line":381,"column":30}},{"start":{"line":381,"column":34},"end":{"line":381,"column":45}}],"line":381},"26":{"loc":{"start":{"line":385,"column":11},"end":{"line":418,"column":7}},"type":"if","locations":[{"start":{"line":385,"column":11},"end":{"line":418,"column":7}},{"start":{"line":416,"column":11},"end":{"line":418,"column":7}}],"line":385},"27":{"loc":{"start":{"line":395,"column":8},"end":{"line":397,"column":9}},"type":"if","locations":[{"start":{"line":395,"column":8},"end":{"line":397,"column":9}},{"start":{},"end":{}}],"line":395},"28":{"loc":{"start":{"line":401,"column":8},"end":{"line":403,"column":9}},"type":"if","locations":[{"start":{"line":401,"column":8},"end":{"line":403,"column":9}},{"start":{},"end":{}}],"line":401},"29":{"loc":{"start":{"line":407,"column":8},"end":{"line":409,"column":9}},"type":"if","locations":[{"start":{"line":407,"column":8},"end":{"line":409,"column":9}},{"start":{},"end":{}}],"line":407},"30":{"loc":{"start":{"line":412,"column":19},"end":{"line":412,"column":58}},"type":"binary-expr","locations":[{"start":{"line":412,"column":19},"end":{"line":412,"column":42}},{"start":{"line":412,"column":46},"end":{"line":412,"column":58}}],"line":412},"31":{"loc":{"start":{"line":413,"column":19},"end":{"line":413,"column":43}},"type":"binary-expr","locations":[{"start":{"line":413,"column":19},"end":{"line":413,"column":28}},{"start":{"line":413,"column":32},"end":{"line":413,"column":43}}],"line":413},"32":{"loc":{"start":{"line":456,"column":25},"end":{"line":456,"column":90}},"type":"cond-expr","locations":[{"start":{"line":456,"column":50},"end":{"line":456,"column":63}},{"start":{"line":456,"column":66},"end":{"line":456,"column":90}}],"line":456},"33":{"loc":{"start":{"line":475,"column":4},"end":{"line":477,"column":5}},"type":"if","locations":[{"start":{"line":475,"column":4},"end":{"line":477,"column":5}},{"start":{},"end":{}}],"line":475},"34":{"loc":{"start":{"line":482,"column":24},"end":{"line":482,"column":53}},"type":"binary-expr","locations":[{"start":{"line":482,"column":24},"end":{"line":482,"column":47}},{"start":{"line":482,"column":51},"end":{"line":482,"column":53}}],"line":482},"35":{"loc":{"start":{"line":485,"column":25},"end":{"line":495,"column":10}},"type":"cond-expr","locations":[{"start":{"line":486,"column":8},"end":{"line":494,"column":9}},{"start":{"line":495,"column":8},"end":{"line":495,"column":10}}],"line":485}},"s":{"0":0,"1":0,"2":0,"3":0,"4":0,"5":0,"6":0,"7":0,"8":0,"9":0,"10":0,"11":0,"12":0,"13":0,"14":0,"15":0,"16":0,"17":0,"18":0,"19":0,"20":0,"21":0,"22":0,"23":0,"24":0,"25":0,"26":0,"27":0,"28":0,"29":0,"30":0,"31":0,"32":0,"33":0,"34":0,"35":0,"36":0,"37":0,"38":0,"39":0,"40":0,"41":0,"42":0,"43":0,"44":0,"45":0,"46":0,"47":0,"48":0,"49":0,"50":0,"51":0,"52":0,"53":0,"54":0,"55":0,"56":0,"57":0,"58":0,"59":0,"60":0,"61":0,"62":0,"63":0,"64":0,"65":0,"66":0,"67":0,"68":0,"69":0,"70":0,"71":0,"72":0,"73":0,"74":0,"75":0,"76":0,"77":0,"78":0,"79":0,"80":0,"81":0,"82":0,"83":0,"84":0,"85":0,"86":0,"87":0,"88":0,"89":0,"90":0,"91":0,"92":0,"93":0,"94":0,"95":0,"96":0,"97":0,"98":0,"99":0,"100":0,"101":0,"102":0,"103":0,"104":0,"105":0,"106":0,"107":0,"108":0,"109":0,"110":0,"111":0,"112":0,"113":0,"114":0,"115":0,"116":0,"117":0,"118":0,"119":0,"120":0,"121":0,"122":0,"123":0,"124":0,"125":0,"126":0,"127":0,"128":0,"129":0,"130":0,"131":0,"132":0,"133":0,"134":0,"135":0,"136":0,"137":0,"138":0,"139":0,"140":0,"141":0,"142":0,"143":0,"144":0,"145":0,"146":0,"147":0,"148":0,"149":0,"150":0,"151":0,"152":0,"153":0,"154":0,"155":0,"156":0,"157":0,"158":0,"159":0,"160":0,"161":0},"f":{"0":0,"1":0,"2":0,"3":0,"4":0,"5":0,"6":0,"7":0,"8":0,"9":0,"10":0,"11":0,"12":0,"13":0},"b":{"0":[0,0],"1":[0,0],"2":[0,0],"3":[0,0],"4":[0,0],"5":[0,0],"6":[0,0],"7":[0,0],"8":[0,0],"9":[0,0],"10":[0,0],"11":[0,0],"12":[0,0],"13":[0,0],"14":[0,0],"15":[0,0],"16":[0,0],"17":[0,0],"18":[0,0],"19":[0,0],"20":[0,0],"21":[0,0],"22":[0,0],"23":[0,0],"24":[0,0],"25":[0,0],"26":[0,0],"27":[0,0],"28":[0,0],"29":[0,0],"30":[0,0],"31":[0,0],"32":[0,0],"33":[0,0],"34":[0,0],"35":[0,0]}}
,"C:\\Users\\zakar\\Desktop\\EmoPath.01\\lib\\global-provider.tsx": {"path":"C:\\Users\\zakar\\Desktop\\EmoPath.01\\lib\\global-provider.tsx","statementMap":{"0":{"start":{"line":22,"column":22},"end":{"line":22,"column":77}},"1":{"start":{"line":28,"column":30},"end":{"line":66,"column":1}},"2":{"start":{"line":29,"column":26},"end":{"line":29,"column":53}},"3":{"start":{"line":30,"column":34},"end":{"line":30,"column":49}},"4":{"start":{"line":36,"column":6},"end":{"line":38,"column":4}},"5":{"start":{"line":40,"column":2},"end":{"line":48,"column":20}},"6":{"start":{"line":41,"column":4},"end":{"line":47,"column":5}},"7":{"start":{"line":42,"column":6},"end":{"line":42,"column":27}},"8":{"start":{"line":43,"column":6},"end":{"line":43,"column":24}},"9":{"start":{"line":45,"column":6},"end":{"line":45,"column":20}},"10":{"start":{"line":46,"column":6},"end":{"line":46,"column":25}},"11":{"start":{"line":50,"column":2},"end":{"line":50,"column":59}},"12":{"start":{"line":52,"column":2},"end":{"line":65,"column":4}},"13":{"start":{"line":68,"column":32},"end":{"line":74,"column":1}},"14":{"start":{"line":69,"column":18},"end":{"line":69,"column":43}},"15":{"start":{"line":70,"column":2},"end":{"line":72,"column":3}},"16":{"start":{"line":71,"column":4},"end":{"line":71,"column":77}},"17":{"start":{"line":73,"column":2},"end":{"line":73,"column":17}}},"fnMap":{"0":{"name":"(anonymous_0)","decl":{"start":{"line":28,"column":30},"end":{"line":28,"column":31}},"loc":{"start":{"line":28,"column":69},"end":{"line":66,"column":1}},"line":28},"1":{"name":"(anonymous_1)","decl":{"start":{"line":40,"column":12},"end":{"line":40,"column":13}},"loc":{"start":{"line":40,"column":18},"end":{"line":48,"column":3}},"line":40},"2":{"name":"(anonymous_2)","decl":{"start":{"line":68,"column":32},"end":{"line":68,"column":33}},"loc":{"start":{"line":68,"column":57},"end":{"line":74,"column":1}},"line":68}},"branchMap":{"0":{"loc":{"start":{"line":41,"column":4},"end":{"line":47,"column":5}},"type":"if","locations":[{"start":{"line":41,"column":4},"end":{"line":47,"column":5}},{"start":{"line":44,"column":11},"end":{"line":47,"column":5}}],"line":41},"1":{"loc":{"start":{"line":70,"column":2},"end":{"line":72,"column":3}},"type":"if","locations":[{"start":{"line":70,"column":2},"end":{"line":72,"column":3}},{"start":{},"end":{}}],"line":70}},"s":{"0":0,"1":0,"2":0,"3":0,"4":0,"5":0,"6":0,"7":0,"8":0,"9":0,"10":0,"11":0,"12":0,"13":0,"14":0,"15":0,"16":0,"17":0},"f":{"0":0,"1":0,"2":0},"b":{"0":[0,0],"1":[0,0]}}
,"C:\\Users\\zakar\\Desktop\\EmoPath.01\\lib\\useAppwrite.ts": {"path":"C:\\Users\\zakar\\Desktop\\EmoPath.01\\lib\\useAppwrite.ts","statementMap":{"0":{"start":{"line":17,"column":27},"end":{"line":55,"column":1}},"1":{"start":{"line":22,"column":26},"end":{"line":22,"column":50}},"2":{"start":{"line":23,"column":32},"end":{"line":23,"column":47}},"3":{"start":{"line":24,"column":28},"end":{"line":24,"column":57}},"4":{"start":{"line":26,"column":20},"end":{"line":44,"column":3}},"5":{"start":{"line":28,"column":6},"end":{"line":28,"column":23}},"6":{"start":{"line":29,"column":6},"end":{"line":29,"column":21}},"7":{"start":{"line":31,"column":6},"end":{"line":41,"column":7}},"8":{"start":{"line":32,"column":23},"end":{"line":32,"column":44}},"9":{"start":{"line":33,"column":8},"end":{"line":33,"column":24}},"10":{"start":{"line":36,"column":10},"end":{"line":36,"column":74}},"11":{"start":{"line":37,"column":8},"end":{"line":37,"column":31}},"12":{"start":{"line":38,"column":8},"end":{"line":38,"column":43}},"13":{"start":{"line":40,"column":8},"end":{"line":40,"column":26}},"14":{"start":{"line":46,"column":2},"end":{"line":50,"column":9}},"15":{"start":{"line":47,"column":4},"end":{"line":49,"column":5}},"16":{"start":{"line":48,"column":6},"end":{"line":48,"column":24}},"17":{"start":{"line":52,"column":18},"end":{"line":52,"column":68}},"18":{"start":{"line":52,"column":42},"end":{"line":52,"column":68}},"19":{"start":{"line":54,"column":2},"end":{"line":54,"column":43}}},"fnMap":{"0":{"name":"(anonymous_0)","decl":{"start":{"line":17,"column":27},"end":{"line":17,"column":28}},"loc":{"start":{"line":21,"column":57},"end":{"line":55,"column":1}},"line":21},"1":{"name":"(anonymous_1)","decl":{"start":{"line":27,"column":4},"end":{"line":27,"column":5}},"loc":{"start":{"line":27,"column":30},"end":{"line":42,"column":5}},"line":27},"2":{"name":"(anonymous_2)","decl":{"start":{"line":46,"column":12},"end":{"line":46,"column":13}},"loc":{"start":{"line":46,"column":18},"end":{"line":50,"column":3}},"line":46},"3":{"name":"(anonymous_3)","decl":{"start":{"line":52,"column":18},"end":{"line":52,"column":19}},"loc":{"start":{"line":52,"column":42},"end":{"line":52,"column":68}},"line":52}},"branchMap":{"0":{"loc":{"start":{"line":19,"column":2},"end":{"line":19,"column":18}},"type":"default-arg","locations":[{"start":{"line":19,"column":11},"end":{"line":19,"column":18}}],"line":19},"1":{"loc":{"start":{"line":20,"column":2},"end":{"line":20,"column":14}},"type":"default-arg","locations":[{"start":{"line":20,"column":9},"end":{"line":20,"column":14}}],"line":20},"2":{"loc":{"start":{"line":36,"column":10},"end":{"line":36,"column":74}},"type":"cond-expr","locations":[{"start":{"line":36,"column":33},"end":{"line":36,"column":44}},{"start":{"line":36,"column":47},"end":{"line":36,"column":74}}],"line":36},"3":{"loc":{"start":{"line":47,"column":4},"end":{"line":49,"column":5}},"type":"if","locations":[{"start":{"line":47,"column":4},"end":{"line":49,"column":5}},{"start":{},"end":{}}],"line":47}},"s":{"0":0,"1":0,"2":0,"3":0,"4":0,"5":0,"6":0,"7":0,"8":0,"9":0,"10":0,"11":0,"12":0,"13":0,"14":0,"15":0,"16":0,"17":0,"18":0,"19":0},"f":{"0":0,"1":0,"2":0,"3":0},"b":{"0":[0],"1":[0],"2":[0,0],"3":[0,0]}}
}
